2025-02-09 12:45:08,252 - INFO - Starting to process 10 packages
2025-02-09 12:45:08,253 - INFO - [1/10] Processing utm...
2025-02-09 12:45:08,326 - INFO - Successfully processed utm: 8 chunks created
2025-02-09 12:45:08,326 - INFO - [2/10] Processing mgrs...
2025-02-09 12:45:08,380 - INFO - Successfully processed mgrs: 3 chunks created
2025-02-09 12:45:08,380 - INFO - [3/10] Processing hijri_converter...
2025-02-09 12:45:09,624 - INFO - Successfully processed hijri_converter: 3 chunks created
2025-02-09 12:45:09,624 - INFO - [4/10] Processing geopy...
2025-02-09 12:45:18,753 - INFO - Successfully processed geopy: 222 chunks created
2025-02-09 12:45:18,753 - INFO - [5/10] Processing geographiclib...
2025-02-09 12:45:22,609 - INFO - Successfully processed geographiclib: 27 chunks created
2025-02-09 12:45:22,609 - INFO - [6/10] Processing pyproj...
2025-02-09 12:45:23,215 - INFO - Successfully processed pyproj: 95 chunks created
2025-02-09 12:45:23,215 - INFO - [7/10] Processing chempy...
2025-02-09 12:45:28,247 - INFO - Successfully processed chempy: 41 chunks created
2025-02-09 12:45:28,247 - INFO - [8/10] Processing dateparser...
2025-02-09 12:45:30,018 - INFO - Successfully processed dateparser: 1 chunks created
2025-02-09 12:45:30,018 - INFO - [9/10] Processing roman...
2025-02-09 12:45:31,053 - INFO - Successfully processed roman: 9 chunks created
2025-02-09 12:45:31,053 - INFO - [10/10] Processing ipaddress...
2025-02-09 12:45:35,529 - INFO - Successfully processed ipaddress: 44 chunks created
2025-02-09 12:45:35,530 - INFO - Total documents to process: 453
2025-02-09 12:45:43,494 - INFO - HTTP Request: POST https://svip.yi-zhan.top/v1/embeddings "HTTP/1.1 200 OK"
2025-02-09 12:45:50,756 - INFO - HTTP Request: POST https://svip.yi-zhan.top/v1/embeddings "HTTP/1.1 200 OK"
2025-02-09 12:46:00,657 - INFO - HTTP Request: POST https://svip.yi-zhan.top/v1/embeddings "HTTP/1.1 200 OK"
2025-02-09 12:46:08,847 - INFO - HTTP Request: POST https://svip.yi-zhan.top/v1/embeddings "HTTP/1.1 200 OK"
2025-02-09 12:46:13,908 - INFO - HTTP Request: POST https://svip.yi-zhan.top/v1/embeddings "HTTP/1.1 200 OK"
2025-02-09 12:46:14,325 - INFO - Creating FAISS index...
2025-02-09 12:46:14,331 - INFO - Loading faiss with AVX512 support.
2025-02-09 12:46:14,375 - INFO - Successfully loaded faiss with AVX512 support.
2025-02-09 12:46:14,413 - INFO - Saving vector database to ./assets/rag/code_db_v2
2025-02-09 12:46:14,419 - INFO - Vector database built successfully
