INFO:fm-baseline:Running Foundation Model on bingquery-logs
INFO:fm-baseline:Processing dataset with 50 items
INFO:fm-baseline:Processing item [1/50]: ./data/TDE-v2/benchmark-bing-query-logs/semantic_1.json
INFO:fm-baseline:User Input:
convert time to decimal

Input: 02:45:45
Output: 2.7625 hours
Input: 1:30:25
Output: 1.5069 hours
Input: 12:10:02
Output: 12.1672 hours
input: 03:22:45
output:

return the output value only
INFO:httpx:HTTP Request: POST https://svip.yi-zhan.top/v1/chat/completions "HTTP/1.1 200 OK"
INFO:fm-baseline:Output: 3.3792

INFO:fm-baseline:User Input:
convert time to decimal

Input: 02:45:45
Output: 2.7625 hours
Input: 1:30:25
Output: 1.5069 hours
Input: 12:10:02
Output: 12.1672 hours
input: 22:22:22
output:

return the output value only
INFO:httpx:HTTP Request: POST https://svip.yi-zhan.top/v1/chat/completions "HTTP/1.1 200 OK"
INFO:fm-baseline:Output: 22.3728

INFO:fm-baseline:Processing item [2/50]: ./data/TDE-v2/benchmark-bing-query-logs/semantic_10.json
INFO:fm-baseline:User Input:
convert binary to hexadecimal

Input: 101010
Output: 2A
Input: 11111111
Output: FF
Input: 0000101
Output: 5
input: 11
output:

return the output value only
INFO:httpx:HTTP Request: POST https://svip.yi-zhan.top/v1/chat/completions "HTTP/1.1 200 OK"
INFO:fm-baseline:Output: 2  
FF  
5  
3

INFO:fm-baseline:User Input:
convert binary to hexadecimal

Input: 101010
Output: 2A
Input: 11111111
Output: FF
Input: 0000101
Output: 5
input: 111
output:

return the output value only
INFO:httpx:HTTP Request: POST https://svip.yi-zhan.top/v1/chat/completions "HTTP/1.1 200 OK"
INFO:fm-baseline:Output: 2F

INFO:fm-baseline:Processing item [3/50]: ./data/TDE-v2/benchmark-bing-query-logs/semantic_11.json
INFO:fm-baseline:User Input:
convert roman numerals to normal numbers

Input: III
Output: 3
Input: CCXXXIII
Output: 233
Input: C
Output: 100
input: CCXXII
output:

return the output value only
INFO:httpx:HTTP Request: POST https://svip.yi-zhan.top/v1/chat/completions "HTTP/1.1 200 OK"
INFO:fm-baseline:Output: 222

INFO:fm-baseline:User Input:
convert roman numerals to normal numbers

Input: III
Output: 3
Input: CCXXXIII
Output: 233
Input: C
Output: 100
input: MCCXXXIV
output:

return the output value only
INFO:httpx:HTTP Request: POST https://svip.yi-zhan.top/v1/chat/completions "HTTP/1.1 200 OK"
INFO:fm-baseline:Output: 1234

INFO:fm-baseline:Processing item [4/50]: ./data/TDE-v2/benchmark-bing-query-logs/semantic_12.json
INFO:fm-baseline:User Input:
convert slope to degrees

Input: 4%
Output: 2.29 Degrees
Input: 30%
Output: 16.70 Degrees
Input: 45%
Output: 24.23 Degrees
input: 24%
output:

return the output value only
INFO:httpx:HTTP Request: POST https://svip.yi-zhan.top/v1/chat/completions "HTTP/1.1 200 OK"
INFO:fm-baseline:Output: 13.53

INFO:fm-baseline:User Input:
convert slope to degrees

Input: 4%
Output: 2.29 Degrees
Input: 30%
Output: 16.70 Degrees
Input: 45%
Output: 24.23 Degrees
input: 12%
output:

return the output value only
INFO:httpx:HTTP Request: POST https://svip.yi-zhan.top/v1/chat/completions "HTTP/1.1 200 OK"
INFO:fm-baseline:Output: 6.84

INFO:fm-baseline:Processing item [5/50]: ./data/TDE-v2/benchmark-bing-query-logs/semantic_13.json
INFO:fm-baseline:User Input:
convert regular time to military time

Input: 1:00 PM
Output: 1300
Input: 6:00 PM
Output: 1800
Input: 11:00 PM
Output: 2300
input: 8:00 AM
output:

return the output value only
INFO:httpx:HTTP Request: POST https://svip.yi-zhan.top/v1/chat/completions "HTTP/1.1 200 OK"
INFO:fm-baseline:Output: 0800

INFO:fm-baseline:User Input:
convert regular time to military time

Input: 1:00 PM
Output: 1300
Input: 6:00 PM
Output: 1800
Input: 11:00 PM
Output: 2300
input: 11:00 AM
output:

return the output value only
INFO:httpx:HTTP Request: POST https://svip.yi-zhan.top/v1/chat/completions "HTTP/1.1 200 OK"
INFO:fm-baseline:Output: 1100

INFO:fm-baseline:Processing item [6/50]: ./data/TDE-v2/benchmark-bing-query-logs/semantic_14.json
INFO:fm-baseline:User Input:
convert lat long to utm

Input: 32.44, 44.11
Output: 583662mE, 3589556mN
Input: 36.11, 80.22
Output: 429797mE, 3996430mN
Input: 10.82, 20.21
Output: 413642mE, 1196188mN
input: 23.11, 39.33
output:

return the output value only
INFO:httpx:HTTP Request: POST https://svip.yi-zhan.top/v1/chat/completions "HTTP/1.1 200 OK"
INFO:fm-baseline:Output: 512742mE, 2559303mN

INFO:fm-baseline:User Input:
convert lat long to utm

Input: 32.44, 44.11
Output: 583662mE, 3589556mN
Input: 36.11, 80.22
Output: 429797mE, 3996430mN
Input: 10.82, 20.21
Output: 413642mE, 1196188mN
input: 10.22, -39.33
output:

return the output value only
INFO:httpx:HTTP Request: POST https://svip.yi-zhan.top/v1/chat/completions "HTTP/1.1 200 OK"
INFO:fm-baseline:Output: 503460mE, 1129954mN

INFO:fm-baseline:Processing item [7/50]: ./data/TDE-v2/benchmark-bing-query-logs/semantic_15.json
INFO:fm-baseline:User Input:
convert rgb to cmyk

Input: 3,4,5
Output: 0.4,0.2,0,0.98
Input: 0,0,0
Output: 0,0,0,1
Input: 33,44,55
Output: 0.4,0.2,0,0.784
input: 255,0,255
output:

return the output value only
INFO:httpx:HTTP Request: POST https://svip.yi-zhan.top/v1/chat/completions "HTTP/1.1 200 OK"
INFO:fm-baseline:Output: 0,1,0,0

INFO:fm-baseline:User Input:
convert rgb to cmyk

Input: 3,4,5
Output: 0.4,0.2,0,0.98
Input: 0,0,0
Output: 0,0,0,1
Input: 33,44,55
Output: 0.4,0.2,0,0.784
input: 0,255,0
output:

return the output value only
INFO:httpx:HTTP Request: POST https://svip.yi-zhan.top/v1/chat/completions "HTTP/1.1 200 OK"
INFO:fm-baseline:Output: 0,0,1,0

INFO:fm-baseline:Processing item [8/50]: ./data/TDE-v2/benchmark-bing-query-logs/semantic_16.json
INFO:fm-baseline:User Input:
convert military time to standard time

Input: 0100
Output: 1:00 AM
Input: 1800
Output: 6:00 PM
Input: 1400
Output: 2:00 PM
input: 1300
output:

return the output value only
INFO:httpx:HTTP Request: POST https://svip.yi-zhan.top/v1/chat/completions "HTTP/1.1 200 OK"
INFO:fm-baseline:Output: 1:00 PM

INFO:fm-baseline:User Input:
convert military time to standard time

Input: 0100
Output: 1:00 AM
Input: 1800
Output: 6:00 PM
Input: 1400
Output: 2:00 PM
input: 1600
output:

return the output value only
INFO:httpx:HTTP Request: POST https://svip.yi-zhan.top/v1/chat/completions "HTTP/1.1 200 OK"
INFO:fm-baseline:Output: 4:00 PM

INFO:fm-baseline:User Input:
convert military time to standard time

Input: 0100
Output: 1:00 AM
Input: 1800
Output: 6:00 PM
Input: 1400
Output: 2:00 PM
input: 0200
output:

return the output value only
INFO:httpx:HTTP Request: POST https://svip.yi-zhan.top/v1/chat/completions "HTTP/1.1 200 OK"
INFO:fm-baseline:Output: 2:00 AM

INFO:fm-baseline:Processing item [9/50]: ./data/TDE-v2/benchmark-bing-query-logs/semantic_17.json
INFO:fm-baseline:User Input:
convert cmyk to rgb

Input: 0,0,0,1
Output: 0,0,0
Input: 0.16,0.67,0.61,0.73
Output: 58,23,27
Input: 0,1,1,0
Output: 255,0,0
input: 0,1,0,0
output:

return the output value only
INFO:httpx:HTTP Request: POST https://svip.yi-zhan.top/v1/chat/completions "HTTP/1.1 200 OK"
INFO:fm-baseline:Output: 0,255,0

INFO:fm-baseline:User Input:
convert cmyk to rgb

Input: 0,0,0,1
Output: 0,0,0
Input: 0.16,0.67,0.61,0.73
Output: 58,23,27
Input: 0,1,1,0
Output: 255,0,0
input: 0.53,0.42,0.38,0.55
output:

return the output value only
INFO:httpx:HTTP Request: POST https://svip.yi-zhan.top/v1/chat/completions "HTTP/1.1 200 OK"
INFO:fm-baseline:Output: 58,61,67

INFO:fm-baseline:Processing item [10/50]: ./data/TDE-v2/benchmark-bing-query-logs/semantic_18.json
INFO:fm-baseline:User Input:
convert base two to base ten

Input: 11111
Output: 31
Input: 10101001
Output: 169
Input: 100001101
Output: 269
input: 111
output:

return the output value only
INFO:httpx:HTTP Request: POST https://svip.yi-zhan.top/v1/chat/completions "HTTP/1.1 200 OK"
INFO:fm-baseline:Output: 7

INFO:fm-baseline:User Input:
convert base two to base ten

Input: 11111
Output: 31
Input: 10101001
Output: 169
Input: 100001101
Output: 269
input: 101010
output:

return the output value only
INFO:httpx:HTTP Request: POST https://svip.yi-zhan.top/v1/chat/completions "HTTP/1.1 200 OK"
INFO:fm-baseline:Output: 42

INFO:fm-baseline:Processing item [11/50]: ./data/TDE-v2/benchmark-bing-query-logs/semantic_19.json
INFO:fm-baseline:User Input:
convert timespan to string

Input: 00:06:32.4458750
Output: 0 hrs, 6 mins, 32 secs
Input: 11:12:13.7458750
Output: 11 hrs, 12 mins, 14 secs
Input: 23:01:09.0988712
Output: 23 hrs, 1 mins, 9 secs
input: 12:21:09.2988712
output:

return the output value only
INFO:httpx:HTTP Request: POST https://svip.yi-zhan.top/v1/chat/completions "HTTP/1.1 200 OK"
INFO:fm-baseline:Output: 12 hrs, 21 mins, 9 secs

INFO:fm-baseline:User Input:
convert timespan to string

Input: 00:06:32.4458750
Output: 0 hrs, 6 mins, 32 secs
Input: 11:12:13.7458750
Output: 11 hrs, 12 mins, 14 secs
Input: 23:01:09.0988712
Output: 23 hrs, 1 mins, 9 secs
input: 23:31:21.4322211
output:

return the output value only
INFO:httpx:HTTP Request: POST https://svip.yi-zhan.top/v1/chat/completions "HTTP/1.1 200 OK"
INFO:fm-baseline:Output: 23 hrs, 31 mins, 21 secs

INFO:fm-baseline:Processing item [12/50]: ./data/TDE-v2/benchmark-bing-query-logs/semantic_2.json
INFO:fm-baseline:User Input:
convert to scientific notation

Input: 1234
Output: 1.234E3
Input: 23912000
Output: 2.3912E7
Input: 98100
Output: 9.81E4
input: 110
output:

return the output value only
INFO:httpx:HTTP Request: POST https://svip.yi-zhan.top/v1/chat/completions "HTTP/1.1 200 OK"
INFO:fm-baseline:Output: 1.1E2

INFO:fm-baseline:User Input:
convert to scientific notation

Input: 1234
Output: 1.234E3
Input: 23912000
Output: 2.3912E7
Input: 98100
Output: 9.81E4
input: 12345
output:

return the output value only
INFO:httpx:HTTP Request: POST https://svip.yi-zhan.top/v1/chat/completions "HTTP/1.1 200 OK"
INFO:fm-baseline:Output: 1.2345E4

INFO:fm-baseline:Processing item [13/50]: ./data/TDE-v2/benchmark-bing-query-logs/semantic_20.json
INFO:fm-baseline:User Input:
convert html to plain text

Input: <b>Hello World.</b><br/><p><i>Is there anyone out there?</i><p>
Output: Hello World.Is there anyone out there?
Input: <b>hello world!</b><br /><i>it is me</i>
Output: hello world!it is me
Input: <b>hello, </b><b>hi.</b><b>welcome</b>
Output: hello, hi.welcome
input: <b>test</b>
output:

return the output value only
INFO:httpx:HTTP Request: POST https://svip.yi-zhan.top/v1/chat/completions "HTTP/1.1 200 OK"
INFO:fm-baseline:Output: test

INFO:fm-baseline:User Input:
convert html to plain text

Input: <b>Hello World.</b><br/><p><i>Is there anyone out there?</i><p>
Output: Hello World.Is there anyone out there?
Input: <b>hello world!</b><br /><i>it is me</i>
Output: hello world!it is me
Input: <b>hello, </b><b>hi.</b><b>welcome</b>
Output: hello, hi.welcome
input: <b>this</b><b> is</b><b> a</b><b> test</b>
output:

return the output value only
INFO:httpx:HTTP Request: POST https://svip.yi-zhan.top/v1/chat/completions "HTTP/1.1 200 OK"
INFO:fm-baseline:Output: this is a test

INFO:fm-baseline:Processing item [14/50]: ./data/TDE-v2/benchmark-bing-query-logs/semantic_21.json
INFO:fm-baseline:User Input:
convert hex to binary

Input: 123A
Output: 0001 0010 0011 1010
Input: 469E
Output: 0100 0110 1001 1110
Input: AAE352
Output: 1010 1010 1110 0011 0101 0010
input: 123
output:

return the output value only
INFO:httpx:HTTP Request: POST https://svip.yi-zhan.top/v1/chat/completions "HTTP/1.1 200 OK"
INFO:fm-baseline:Output: 0001 0010 0011

INFO:fm-baseline:User Input:
convert hex to binary

Input: 123A
Output: 0001 0010 0011 1010
Input: 469E
Output: 0100 0110 1001 1110
Input: AAE352
Output: 1010 1010 1110 0011 0101 0010
input: 3333
output:

return the output value only
INFO:httpx:HTTP Request: POST https://svip.yi-zhan.top/v1/chat/completions "HTTP/1.1 200 OK"
INFO:fm-baseline:Output: 0011 0011 0011 0011

INFO:fm-baseline:Processing item [15/50]: ./data/TDE-v2/benchmark-bing-query-logs/semantic_22.json
INFO:fm-baseline:User Input:
convert pacific time to eastern time

Input: 2:30 AM,Mon,Aug 17,2015
Output: 5:30 AM,Mon,Aug,2015
Input: 11:00 PM,Sun,Aug 2,2015
Output: 2:00 AM,Mon,Aug 3,2015
Input: 3:30 AM,Mon,Feb 2,2015
Output: 6:30 AM,Mon,Feb 2,2015
input: 10:00 PM,Sun,Aug 2,2015
output:

return the output value only
INFO:httpx:HTTP Request: POST https://svip.yi-zhan.top/v1/chat/completions "HTTP/1.1 200 OK"
INFO:fm-baseline:Output: 1:00 AM,Mon,Aug 3,2015

INFO:fm-baseline:User Input:
convert pacific time to eastern time

Input: 2:30 AM,Mon,Aug 17,2015
Output: 5:30 AM,Mon,Aug,2015
Input: 11:00 PM,Sun,Aug 2,2015
Output: 2:00 AM,Mon,Aug 3,2015
Input: 3:30 AM,Mon,Feb 2,2015
Output: 6:30 AM,Mon,Feb 2,2015
input: 2:30 AM,Mon,Feb 2,2015
output:

return the output value only
INFO:httpx:HTTP Request: POST https://svip.yi-zhan.top/v1/chat/completions "HTTP/1.1 200 OK"
INFO:fm-baseline:Output: 5:30 AM,Mon,Feb 2,2015

INFO:fm-baseline:Processing item [16/50]: ./data/TDE-v2/benchmark-bing-query-logs/semantic_23.json
INFO:fm-baseline:User Input:
convert address to gps coordinates

Input: 400 Bellevue Way Northeast, Bellevue, WA, USA
Output: 47.615570, -122.202522
Input: 3002 Mt Angeles Rd, Port Angeles, WA, USA
Output: 48.099339, -123.425532
Input: 2329 West Mall, Vancouver, BC V6T 1Z4, Canada
Output: 49.261375, -123.253672
input: 1 microsoft way, redmond, wa, 98052
output:

return the output value only
INFO:httpx:HTTP Request: POST https://svip.yi-zhan.top/v1/chat/completions "HTTP/1.1 200 OK"
INFO:fm-baseline:Output: 47.639830, -122.127995

INFO:fm-baseline:User Input:
convert address to gps coordinates

Input: 400 Bellevue Way Northeast, Bellevue, WA, USA
Output: 47.615570, -122.202522
Input: 3002 Mt Angeles Rd, Port Angeles, WA, USA
Output: 48.099339, -123.425532
Input: 2329 West Mall, Vancouver, BC V6T 1Z4, Canada
Output: 49.261375, -123.253672
input: 14820 36th st ne redmond, wa, 98052
output:

return the output value only
INFO:httpx:HTTP Request: POST https://svip.yi-zhan.top/v1/chat/completions "HTTP/1.1 200 OK"
INFO:fm-baseline:Output: 47.632979, -122.121540

INFO:fm-baseline:Processing item [17/50]: ./data/TDE-v2/benchmark-bing-query-logs/semantic_24.json
INFO:fm-baseline:User Input:
convert hex to rgb

Input: #000000
Output: 0,0,0
Input: #00FF00
Output: 0,255,0
Input: #FF00FF
Output: 255,0,255
input: #FFFF3F
output:

return the output value only
INFO:httpx:HTTP Request: POST https://svip.yi-zhan.top/v1/chat/completions "HTTP/1.1 200 OK"
INFO:fm-baseline:Output: 255,255,63

INFO:fm-baseline:User Input:
convert hex to rgb

Input: #000000
Output: 0,0,0
Input: #00FF00
Output: 0,255,0
Input: #FF00FF
Output: 255,0,255
input: #223344
output:

return the output value only
INFO:httpx:HTTP Request: POST https://svip.yi-zhan.top/v1/chat/completions "HTTP/1.1 200 OK"
INFO:fm-baseline:Output: 34,51,68

INFO:fm-baseline:Processing item [18/50]: ./data/TDE-v2/benchmark-bing-query-logs/semantic_25.json
INFO:fm-baseline:User Input:
convert hijri to gregorian

Input: 11 Shawwal 1430
Output: Wednesday 30 September 2009 C.E
Input: 5 Muharram 1300
Output: Thursday 16 November 1882 C.E
Input: 19 Rajab 1460
Output: Friday 20 August 2038 C.E
input: 6 Muharram 1300
output:

return the output value only
INFO:httpx:HTTP Request: POST https://svip.yi-zhan.top/v1/chat/completions "HTTP/1.1 200 OK"
INFO:fm-baseline:Output: Friday 17 November 1882 C.E

INFO:fm-baseline:User Input:
convert hijri to gregorian

Input: 11 Shawwal 1430
Output: Wednesday 30 September 2009 C.E
Input: 5 Muharram 1300
Output: Thursday 16 November 1882 C.E
Input: 19 Rajab 1460
Output: Friday 20 August 2038 C.E
input: 1 Muharram 1431
output:

return the output value only
INFO:httpx:HTTP Request: POST https://svip.yi-zhan.top/v1/chat/completions "HTTP/1.1 200 OK"
INFO:fm-baseline:Output: Friday 18 December 2009 C.E

INFO:fm-baseline:Processing item [19/50]: ./data/TDE-v2/benchmark-bing-query-logs/semantic_26.json
INFO:fm-baseline:User Input:
convert ascii to hex

Input: DC2
Output: 12
Input: RS
Output: 1E
Input: #
Output: 23
input: D
output:

return the output value only
INFO:httpx:HTTP Request: POST https://svip.yi-zhan.top/v1/chat/completions "HTTP/1.1 200 OK"
INFO:fm-baseline:Output: 44

INFO:fm-baseline:User Input:
convert ascii to hex

Input: DC2
Output: 12
Input: RS
Output: 1E
Input: #
Output: 23
input: "
output:

return the output value only
INFO:httpx:HTTP Request: POST https://svip.yi-zhan.top/v1/chat/completions "HTTP/1.1 200 OK"
INFO:fm-baseline:Output: 22

INFO:fm-baseline:Processing item [20/50]: ./data/TDE-v2/benchmark-bing-query-logs/semantic_27.json
INFO:fm-baseline:User Input:
convert psia to psig

Input: 33 psia
Output: 18.304051 psig
Input: 17 psia
Output: 2.304051 psig
Input: 100 psia
Output: 85.304051 psig
input: 22 psia
output:

return the output value only
INFO:httpx:HTTP Request: POST https://svip.yi-zhan.top/v1/chat/completions "HTTP/1.1 200 OK"
INFO:fm-baseline:Output: 7.304051 psig

INFO:fm-baseline:User Input:
convert psia to psig

Input: 33 psia
Output: 18.304051 psig
Input: 17 psia
Output: 2.304051 psig
Input: 100 psia
Output: 85.304051 psig
input: 3 psia
output:

return the output value only
INFO:httpx:HTTP Request: POST https://svip.yi-zhan.top/v1/chat/completions "HTTP/1.1 200 OK"
INFO:fm-baseline:Output: -11.695949

INFO:fm-baseline:Processing item [21/50]: ./data/TDE-v2/benchmark-bing-query-logs/semantic_28.json
INFO:fm-baseline:User Input:
convert decimal minutes to time

Input: 1439
Output: 23:59:00
Input: 60
Output: 01:00:00
Input: 95
Output: 01:35:00
input: 64
output:

return the output value only
INFO:httpx:HTTP Request: POST https://svip.yi-zhan.top/v1/chat/completions "HTTP/1.1 200 OK"
INFO:fm-baseline:Output: 01:04:00

INFO:fm-baseline:User Input:
convert decimal minutes to time

Input: 1439
Output: 23:59:00
Input: 60
Output: 01:00:00
Input: 95
Output: 01:35:00
input: 91
output:

return the output value only
INFO:httpx:HTTP Request: POST https://svip.yi-zhan.top/v1/chat/completions "HTTP/1.1 200 OK"
INFO:fm-baseline:Output: 01:31:00

INFO:fm-baseline:Processing item [22/50]: ./data/TDE-v2/benchmark-bing-query-logs/semantic_29.json
INFO:fm-baseline:User Input:
convert decimal degrees to degrees minutes seconds

Input: 4
Output: 4 0' 0"
Input: 11.35
Output: 11 20' 60"
Input: 129.45
Output: 129 26' 60"
input: 23
output:

return the output value only
INFO:httpx:HTTP Request: POST https://svip.yi-zhan.top/v1/chat/completions "HTTP/1.1 200 OK"
INFO:fm-baseline:Output: 23 0' 0"

INFO:fm-baseline:User Input:
convert decimal degrees to degrees minutes seconds

Input: 4
Output: 4 0' 0"
Input: 11.35
Output: 11 20' 60"
Input: 129.45
Output: 129 26' 60"
input: 21
output:

return the output value only
INFO:httpx:HTTP Request: POST https://svip.yi-zhan.top/v1/chat/completions "HTTP/1.1 200 OK"
INFO:fm-baseline:Output: 21 0' 0"

INFO:fm-baseline:Processing item [23/50]: ./data/TDE-v2/benchmark-bing-query-logs/semantic_3.json
INFO:fm-baseline:User Input:
convert to fractional notation

Input: 0.003
Output: 3/1000
Input: 0.125
Output: 1/8
Input: 4.5
Output: 9/2
input: 0.25
output:

return the output value only
INFO:httpx:HTTP Request: POST https://svip.yi-zhan.top/v1/chat/completions "HTTP/1.1 200 OK"
INFO:fm-baseline:Output: 1/4

INFO:fm-baseline:User Input:
convert to fractional notation

Input: 0.003
Output: 3/1000
Input: 0.125
Output: 1/8
Input: 4.5
Output: 9/2
input: 0.2
output:

return the output value only
INFO:httpx:HTTP Request: POST https://svip.yi-zhan.top/v1/chat/completions "HTTP/1.1 200 OK"
INFO:fm-baseline:Output: 1/5

INFO:fm-baseline:Processing item [24/50]: ./data/TDE-v2/benchmark-bing-query-logs/semantic_30.json
INFO:fm-baseline:User Input:
convert lat long to MGRS

Input: 23.11, -39.33
Output: 24QVL6620855735
Input: 44.11, -77.33
Output: 18TUP1353886730
Input: 66.99, -33.11
Output: 25WDQ9520130269
input: 23.33, -39.55
output:

return the output value only
INFO:httpx:HTTP Request: POST https://svip.yi-zhan.top/v1/chat/completions "HTTP/1.1 200 OK"
INFO:fm-baseline:Output: 24QVL3925160540

INFO:fm-baseline:User Input:
convert lat long to MGRS

Input: 23.11, -39.33
Output: 24QVL6620855735
Input: 44.11, -77.33
Output: 18TUP1353886730
Input: 66.99, -33.11
Output: 25WDQ9520130269
input: 44.22, -77.44
output:

return the output value only
INFO:httpx:HTTP Request: POST https://svip.yi-zhan.top/v1/chat/completions "HTTP/1.1 200 OK"
INFO:fm-baseline:Output: 18TUP0465888214

INFO:fm-baseline:Processing item [25/50]: ./data/TDE-v2/benchmark-bing-query-logs/semantic_31.json
INFO:fm-baseline:User Input:
convert women's shoe size to men's

Input: 7.5
Output: 6
Input: 14
Output: 12.5
Input: 8
Output: 6.5
input: 7
output:

return the output value only
INFO:httpx:HTTP Request: POST https://svip.yi-zhan.top/v1/chat/completions "HTTP/1.1 200 OK"
INFO:fm-baseline:Output: 5.5

INFO:fm-baseline:User Input:
convert women's shoe size to men's

Input: 7.5
Output: 6
Input: 14
Output: 12.5
Input: 8
Output: 6.5
input: 9
output:

return the output value only
INFO:httpx:HTTP Request: POST https://svip.yi-zhan.top/v1/chat/completions "HTTP/1.1 200 OK"
INFO:fm-baseline:Output: 7

INFO:fm-baseline:Processing item [26/50]: ./data/TDE-v2/benchmark-bing-query-logs/semantic_32.json
INFO:fm-baseline:User Input:
convert excel date to datetime

Input: 39938
Output: 05/05/2009
Input: 39934
Output: 05/01/2009
Input: 39958
Output: 05/25/2009
input: 36557
output:

return the output value only
INFO:httpx:HTTP Request: POST https://svip.yi-zhan.top/v1/chat/completions "HTTP/1.1 200 OK"
INFO:fm-baseline:Output: 12/18/1999

INFO:fm-baseline:User Input:
convert excel date to datetime

Input: 39938
Output: 05/05/2009
Input: 39934
Output: 05/01/2009
Input: 39958
Output: 05/25/2009
input: 39270
output:

return the output value only
INFO:httpx:HTTP Request: POST https://svip.yi-zhan.top/v1/chat/completions "HTTP/1.1 200 OK"
INFO:fm-baseline:Output: 01/07/2007

INFO:fm-baseline:Processing item [27/50]: ./data/TDE-v2/benchmark-bing-query-logs/semantic_33.json
INFO:fm-baseline:User Input:
convert decimal to octal

Input: 2358
Output: 4466
Input: 198645
Output: 603765
Input: 33
Output: 41
input: 232
output:

return the output value only
INFO:httpx:HTTP Request: POST https://svip.yi-zhan.top/v1/chat/completions "HTTP/1.1 200 OK"
INFO:fm-baseline:Output: 350

INFO:fm-baseline:User Input:
convert decimal to octal

Input: 2358
Output: 4466
Input: 198645
Output: 603765
Input: 33
Output: 41
input: 1234
output:

return the output value only
INFO:httpx:HTTP Request: POST https://svip.yi-zhan.top/v1/chat/completions "HTTP/1.1 200 OK"
INFO:fm-baseline:Output: 2322

INFO:fm-baseline:Processing item [28/50]: ./data/TDE-v2/benchmark-bing-query-logs/semantic_34.json
INFO:fm-baseline:User Input:
convert rgb to pantone

Input: 244,237,124
Output: 100
Input: 244,237,71
Output: 101
Input: 249,232,20
Output: 102
input: 249,214,22
output:

return the output value only
INFO:httpx:HTTP Request: POST https://svip.yi-zhan.top/v1/chat/completions "HTTP/1.1 200 OK"
INFO:fm-baseline:Output: 109

INFO:fm-baseline:User Input:
convert rgb to pantone

Input: 244,237,124
Output: 100
Input: 244,237,71
Output: 101
Input: 249,232,20
Output: 102
input: 198,160,12
output:

return the output value only
INFO:httpx:HTTP Request: POST https://svip.yi-zhan.top/v1/chat/completions "HTTP/1.1 200 OK"
INFO:fm-baseline:Output: 110

INFO:fm-baseline:Processing item [29/50]: ./data/TDE-v2/benchmark-bing-query-logs/semantic_35.json
INFO:fm-baseline:User Input:
convert yyyymmdd to datetime

Input: 19851231
Output: Dec 31, 1985
Input: 19811120
Output: Nov 20, 1981
Input: 20110301
Output: Mar 01, 2011
input: 19841121
output:

return the output value only
INFO:httpx:HTTP Request: POST https://svip.yi-zhan.top/v1/chat/completions "HTTP/1.1 200 OK"
INFO:fm-baseline:Output: Nov 21, 1984

INFO:fm-baseline:User Input:
convert yyyymmdd to datetime

Input: 19851231
Output: Dec 31, 1985
Input: 19811120
Output: Nov 20, 1981
Input: 20110301
Output: Mar 01, 2011
input: 20210311
output:

return the output value only
INFO:httpx:HTTP Request: POST https://svip.yi-zhan.top/v1/chat/completions "HTTP/1.1 200 OK"
INFO:fm-baseline:Output: Mar 11, 2021

INFO:fm-baseline:Processing item [30/50]: ./data/TDE-v2/benchmark-bing-query-logs/semantic_36.json
INFO:fm-baseline:User Input:
convert month number to month name

Input: 4
Output: April
Input: 7
Output: July
Input: 12
Output: December
input: 10
output:

return the output value only
INFO:httpx:HTTP Request: POST https://svip.yi-zhan.top/v1/chat/completions "HTTP/1.1 200 OK"
INFO:fm-baseline:Output: October

INFO:fm-baseline:User Input:
convert month number to month name

Input: 4
Output: April
Input: 7
Output: July
Input: 12
Output: December
input: 3
output:

return the output value only
INFO:httpx:HTTP Request: POST https://svip.yi-zhan.top/v1/chat/completions "HTTP/1.1 200 OK"
INFO:fm-baseline:Output: March

INFO:fm-baseline:Processing item [31/50]: ./data/TDE-v2/benchmark-bing-query-logs/semantic_37.json
INFO:fm-baseline:User Input:
convert m/s to mph

Input: 2
Output: 4.473873
Input: 89
Output: 199.0873
Input: 123
Output: 275.1432
input: 12
output:

return the output value only
INFO:httpx:HTTP Request: POST https://svip.yi-zhan.top/v1/chat/completions "HTTP/1.1 200 OK"
INFO:fm-baseline:Output: 26.8224

INFO:fm-baseline:User Input:
convert m/s to mph

Input: 2
Output: 4.473873
Input: 89
Output: 199.0873
Input: 123
Output: 275.1432
input: 33
output:

return the output value only
INFO:httpx:HTTP Request: POST https://svip.yi-zhan.top/v1/chat/completions "HTTP/1.1 200 OK"
INFO:fm-baseline:Output: 73.8213

INFO:fm-baseline:Processing item [32/50]: ./data/TDE-v2/benchmark-bing-query-logs/semantic_38.json
INFO:fm-baseline:User Input:
convert mgrs to lat long

Input: 12U UA 84323 40791
Output: 50.00820, -112.61440
Input: 15S WC 80817 51205
Output: 38.40543, -92.07440
Input: 19T DJ 38588 97366
Output: 44.22694, -69.76892
input: 12U UA 87466 40791
output:

return the output value only
INFO:httpx:HTTP Request: POST https://svip.yi-zhan.top/v1/chat/completions "HTTP/1.1 200 OK"
INFO:fm-baseline:Output: 50.00822, -112.24279

INFO:fm-baseline:User Input:
convert mgrs to lat long

Input: 12U UA 84323 40791
Output: 50.00820, -112.61440
Input: 15S WC 80817 51205
Output: 38.40543, -92.07440
Input: 19T DJ 38588 97366
Output: 44.22694, -69.76892
input: 15S WC 40817 12345
output:

return the output value only
INFO:httpx:HTTP Request: POST https://svip.yi-zhan.top/v1/chat/completions "HTTP/1.1 200 OK"
INFO:fm-baseline:Output: 35.50883, -97.05440

INFO:fm-baseline:Processing item [33/50]: ./data/TDE-v2/benchmark-bing-query-logs/semantic_39.json
INFO:fm-baseline:User Input:
convert mixed number to decimal

Input: 2 1/2
Output: 2.5
Input: 51 3/4
Output: 51.75
Input: 112
Output: 112
input: 7 2/5
output:

return the output value only
INFO:httpx:HTTP Request: POST https://svip.yi-zhan.top/v1/chat/completions "HTTP/1.1 200 OK"
INFO:fm-baseline:Output: 7.4

INFO:fm-baseline:User Input:
convert mixed number to decimal

Input: 2 1/2
Output: 2.5
Input: 51 3/4
Output: 51.75
Input: 112
Output: 112
input: 3 1/4
output:

return the output value only
INFO:httpx:HTTP Request: POST https://svip.yi-zhan.top/v1/chat/completions "HTTP/1.1 200 OK"
INFO:fm-baseline:Output: 3.25

INFO:fm-baseline:User Input:
convert mixed number to decimal

Input: 2 1/2
Output: 2.5
Input: 51 3/4
Output: 51.75
Input: 112
Output: 112
input: 1 1/8
output:

return the output value only
INFO:httpx:HTTP Request: POST https://svip.yi-zhan.top/v1/chat/completions "HTTP/1.1 200 OK"
INFO:fm-baseline:Output: 1.125

INFO:fm-baseline:Processing item [34/50]: ./data/TDE-v2/benchmark-bing-query-logs/semantic_4.json
INFO:fm-baseline:User Input:
convert hex to ascii

Input: 34
Output: 4
Input: 55
Output: U
Input: 74
Output: t
input: 44
output:

return the output value only
INFO:httpx:HTTP Request: POST https://svip.yi-zhan.top/v1/chat/completions "HTTP/1.1 200 OK"
INFO:fm-baseline:Output: 4

INFO:fm-baseline:User Input:
convert hex to ascii

Input: 34
Output: 4
Input: 55
Output: U
Input: 74
Output: t
input: 22
output:

return the output value only
INFO:httpx:HTTP Request: POST https://svip.yi-zhan.top/v1/chat/completions "HTTP/1.1 200 OK"
INFO:fm-baseline:Output: 4

INFO:fm-baseline:Processing item [35/50]: ./data/TDE-v2/benchmark-bing-query-logs/semantic_40.json
INFO:fm-baseline:User Input:
convert base two to base ten

Input: 010101
Output: 21
Input: 111101
Output: 61
Input: 1011010
Output: 90
input: 11
output:

return the output value only
INFO:httpx:HTTP Request: POST https://svip.yi-zhan.top/v1/chat/completions "HTTP/1.1 200 OK"
INFO:fm-baseline:Output: 3

INFO:fm-baseline:User Input:
convert base two to base ten

Input: 010101
Output: 21
Input: 111101
Output: 61
Input: 1011010
Output: 90
input: 111
output:

return the output value only
INFO:httpx:HTTP Request: POST https://svip.yi-zhan.top/v1/chat/completions "HTTP/1.1 200 OK"
INFO:fm-baseline:Output: 7

INFO:fm-baseline:Processing item [36/50]: ./data/TDE-v2/benchmark-bing-query-logs/semantic_41.json
INFO:fm-baseline:User Input:
convert Geographic Coordinate to nad83

Input: 38.889139, -77.04942
Output: 38.8892509, -77.0491194
Input: 28.889139, -77.1234
Output: 28.8894274, -77.1230153
Input: 42.889139, -75.1234
Output: 42.8892103, -75.1230043
input: 33.889139, -77.1234
output:

return the output value only
INFO:httpx:HTTP Request: POST https://svip.yi-zhan.top/v1/chat/completions "HTTP/1.1 200 OK"
INFO:fm-baseline:Output: 33.8894935, -77.1229887

INFO:fm-baseline:User Input:
convert Geographic Coordinate to nad83

Input: 38.889139, -77.04942
Output: 38.8892509, -77.0491194
Input: 28.889139, -77.1234
Output: 28.8894274, -77.1230153
Input: 42.889139, -75.1234
Output: 42.8892103, -75.1230043
input: 36.889139, -76.1234
output:

return the output value only
INFO:httpx:HTTP Request: POST https://svip.yi-zhan.top/v1/chat/completions "HTTP/1.1 200 OK"
INFO:fm-baseline:Output: 36.8892215, -76.1230087

INFO:fm-baseline:Processing item [37/50]: ./data/TDE-v2/benchmark-bing-query-logs/semantic_42.json
INFO:fm-baseline:User Input:
convert to hexadecimal

Input: 214633
Output: 34669
Input: 1246367
Output: 13049F
Input: 9872031
Output: 96A29F
input: 323
output:

return the output value only
INFO:httpx:HTTP Request: POST https://svip.yi-zhan.top/v1/chat/completions "HTTP/1.1 200 OK"
INFO:fm-baseline:Output: 143

INFO:fm-baseline:User Input:
convert to hexadecimal

Input: 214633
Output: 34669
Input: 1246367
Output: 13049F
Input: 9872031
Output: 96A29F
input: 123234
output:

return the output value only
INFO:httpx:HTTP Request: POST https://svip.yi-zhan.top/v1/chat/completions "HTTP/1.1 200 OK"
INFO:fm-baseline:Output: 1E0F2

INFO:fm-baseline:Processing item [38/50]: ./data/TDE-v2/benchmark-bing-query-logs/semantic_43.json
INFO:fm-baseline:User Input:
convert grams to ounces and pounds

Input: 32g
Output: 0lb 1.128767oz
Input: 1000g
Output: 2lb 3.273965oz
Input: 3400g
Output: 7lb 7.931480oz
input: 222g
output:

return the output value only
INFO:httpx:HTTP Request: POST https://svip.yi-zhan.top/v1/chat/completions "HTTP/1.1 200 OK"
INFO:fm-baseline:Output: 0lb 7.829114oz

INFO:fm-baseline:User Input:
convert grams to ounces and pounds

Input: 32g
Output: 0lb 1.128767oz
Input: 1000g
Output: 2lb 3.273965oz
Input: 3400g
Output: 7lb 7.931480oz
input: 123g
output:

return the output value only
INFO:httpx:HTTP Request: POST https://svip.yi-zhan.top/v1/chat/completions "HTTP/1.1 200 OK"
INFO:fm-baseline:Output: 0lb 4.338462oz

INFO:fm-baseline:Processing item [39/50]: ./data/TDE-v2/benchmark-bing-query-logs/semantic_44.json
INFO:fm-baseline:User Input:
convert pst to est

Input: 9:41 PM, Aug 17, 2015
Output: 12:41 AM, Aug 18, 2015
Input: 1:00 AM, Jun 3, 2015
Output: 4:00 AM, Jun 3, 2015
Input: 10:00 AM, Mar 20, 2015
Output: 1:00 PM, Mar 20, 2015
input: 5:00 AM, Jun 5, 2015
output:

return the output value only
INFO:httpx:HTTP Request: POST https://svip.yi-zhan.top/v1/chat/completions "HTTP/1.1 200 OK"
INFO:fm-baseline:Output: 8:00 AM, Jun 5, 2015

INFO:fm-baseline:User Input:
convert pst to est

Input: 9:41 PM, Aug 17, 2015
Output: 12:41 AM, Aug 18, 2015
Input: 1:00 AM, Jun 3, 2015
Output: 4:00 AM, Jun 3, 2015
Input: 10:00 AM, Mar 20, 2015
Output: 1:00 PM, Mar 20, 2015
input: 11:00 AM, Mar 20, 2015
output:

return the output value only
INFO:httpx:HTTP Request: POST https://svip.yi-zhan.top/v1/chat/completions "HTTP/1.1 200 OK"
INFO:fm-baseline:Output: 2:00 PM, Mar 20, 2015

INFO:fm-baseline:Processing item [40/50]: ./data/TDE-v2/benchmark-bing-query-logs/semantic_45.json
INFO:fm-baseline:User Input:
convert minutes to hundredths

Input: 13 minutes
Output: .22
Input: 43 minutes
Output: .72
Input: 58 minutes
Output: .97
input: 15 minutes
output:

return the output value only
INFO:httpx:HTTP Request: POST https://svip.yi-zhan.top/v1/chat/completions "HTTP/1.1 200 OK"
INFO:fm-baseline:Output: .25

INFO:fm-baseline:User Input:
convert minutes to hundredths

Input: 13 minutes
Output: .22
Input: 43 minutes
Output: .72
Input: 58 minutes
Output: .97
input: 44 minutes
output:

return the output value only
INFO:httpx:HTTP Request: POST https://svip.yi-zhan.top/v1/chat/completions "HTTP/1.1 200 OK"
INFO:fm-baseline:Output: .73

INFO:fm-baseline:Processing item [41/50]: ./data/TDE-v2/benchmark-bing-query-logs/semantic_46.json
INFO:fm-baseline:User Input:
convert mixed fraction to decimal

Input: 7 1/4
Output: 7.25
Input: 21 2/5
Output: 21.4
Input: 129
Output: 129
input: 6 9/100
output:

return the output value only
INFO:httpx:HTTP Request: POST https://svip.yi-zhan.top/v1/chat/completions "HTTP/1.1 200 OK"
INFO:fm-baseline:Output: 6.09

INFO:fm-baseline:User Input:
convert mixed fraction to decimal

Input: 7 1/4
Output: 7.25
Input: 21 2/5
Output: 21.4
Input: 129
Output: 129
input: 3 4/5
output:

return the output value only
INFO:httpx:HTTP Request: POST https://svip.yi-zhan.top/v1/chat/completions "HTTP/1.1 200 OK"
INFO:fm-baseline:Output: 3.8

INFO:fm-baseline:Processing item [42/50]: ./data/TDE-v2/benchmark-bing-query-logs/semantic_47.json
INFO:fm-baseline:User Input:
convert central time to eastern time

Input: 11:47 PM,Mon,Aug 17,2015
Output: 12:47 AM,Tue,Aug 18,2015
Input: 7:00 AM,Tue,Jul 7,2015
Output: 8:00 AM,Tue,Jul 7,2015
Input: 1:30 AM,Thu,May 14,2015
Output: 2:30 AM,Thu,May 14,2015
input: 3:30 AM,Thu,May 14,2015
output:

return the output value only
INFO:httpx:HTTP Request: POST https://svip.yi-zhan.top/v1/chat/completions "HTTP/1.1 200 OK"
INFO:fm-baseline:Output: 4:30 AM,Thu,May 14,2015

INFO:fm-baseline:User Input:
convert central time to eastern time

Input: 11:47 PM,Mon,Aug 17,2015
Output: 12:47 AM,Tue,Aug 18,2015
Input: 7:00 AM,Tue,Jul 7,2015
Output: 8:00 AM,Tue,Jul 7,2015
Input: 1:30 AM,Thu,May 14,2015
Output: 2:30 AM,Thu,May 14,2015
input: 1:11 AM,Thu,May 21,2015
output:

return the output value only
INFO:httpx:HTTP Request: POST https://svip.yi-zhan.top/v1/chat/completions "HTTP/1.1 200 OK"
INFO:fm-baseline:Output: 2:11 AM,Thu,May 21,2015

INFO:fm-baseline:Processing item [43/50]: ./data/TDE-v2/benchmark-bing-query-logs/semantic_48.json
INFO:fm-baseline:User Input:
convert hourly wage to salary

Input: $12/hour
Output: $24,960.00
Input: $15/hour
Output: $31,200.00
Input: $40/hour
Output: $83,200.00
input: $22/hour
output:

return the output value only
INFO:httpx:HTTP Request: POST https://svip.yi-zhan.top/v1/chat/completions "HTTP/1.1 200 OK"
INFO:fm-baseline:Output: $45,760.00

INFO:fm-baseline:User Input:
convert hourly wage to salary

Input: $12/hour
Output: $24,960.00
Input: $15/hour
Output: $31,200.00
Input: $40/hour
Output: $83,200.00
input: $11/hour
output:

return the output value only
INFO:httpx:HTTP Request: POST https://svip.yi-zhan.top/v1/chat/completions "HTTP/1.1 200 OK"
INFO:fm-baseline:Output: $22,880.00

INFO:fm-baseline:Processing item [44/50]: ./data/TDE-v2/benchmark-bing-query-logs/semantic_49.json
INFO:fm-baseline:User Input:
convert polar to rectangular

Input: (2, 4)
Output: (1.99513, 0.13951)
Input: (4, 60)
Output: (2.00000, 3.46410)
Input: (10, 30)
Output: (8.66025, 5.00000)
input: (23, 35)
output:

return the output value only
INFO:httpx:HTTP Request: POST https://svip.yi-zhan.top/v1/chat/completions "HTTP/1.1 200 OK"
INFO:fm-baseline:Output: 18.8433, 13.1850

INFO:fm-baseline:User Input:
convert polar to rectangular

Input: (2, 4)
Output: (1.99513, 0.13951)
Input: (4, 60)
Output: (2.00000, 3.46410)
Input: (10, 30)
Output: (8.66025, 5.00000)
input: (11, 22)
output:

return the output value only
INFO:httpx:HTTP Request: POST https://svip.yi-zhan.top/v1/chat/completions "HTTP/1.1 200 OK"
INFO:fm-baseline:Output: (10.18997, 4.11543)

INFO:fm-baseline:Processing item [45/50]: ./data/TDE-v2/benchmark-bing-query-logs/semantic_5.json
INFO:fm-baseline:User Input:
convert to decimal notation

Input: 1/4
Output: 0.25
Input: 200/4
Output: 50
Input: 9/100
Output: 0.09
input: 3/4
output:

return the output value only
INFO:httpx:HTTP Request: POST https://svip.yi-zhan.top/v1/chat/completions "HTTP/1.1 200 OK"
INFO:fm-baseline:Output: 0.75

INFO:fm-baseline:User Input:
convert to decimal notation

Input: 1/4
Output: 0.25
Input: 200/4
Output: 50
Input: 9/100
Output: 0.09
input: 1/2
output:

return the output value only
INFO:httpx:HTTP Request: POST https://svip.yi-zhan.top/v1/chat/completions "HTTP/1.1 200 OK"
INFO:fm-baseline:Output: 0.5

INFO:fm-baseline:Processing item [46/50]: ./data/TDE-v2/benchmark-bing-query-logs/semantic_50.json
INFO:fm-baseline:User Input:
convert to roman numerals

Input: 4
Output: IV
Input: 1350
Output: MCCCL
Input: 981
Output: CMLXXXI
input: 34
output:

return the output value only
INFO:httpx:HTTP Request: POST https://svip.yi-zhan.top/v1/chat/completions "HTTP/1.1 200 OK"
INFO:fm-baseline:Output: XXXIV

INFO:fm-baseline:User Input:
convert to roman numerals

Input: 4
Output: IV
Input: 1350
Output: MCCCL
Input: 981
Output: CMLXXXI
input: 11
output:

return the output value only
INFO:httpx:HTTP Request: POST https://svip.yi-zhan.top/v1/chat/completions "HTTP/1.1 200 OK"
INFO:fm-baseline:Output: XI

INFO:fm-baseline:Processing item [47/50]: ./data/TDE-v2/benchmark-bing-query-logs/semantic_6.json
INFO:fm-baseline:User Input:
convert rgb to hex

Input: 255,255,255
Output: #FFFFFF
Input: 238,130,238
Output: #EE82EE
Input: 147,112,219
Output: #9370DB
input: 219,112,147
output:

return the output value only
INFO:httpx:HTTP Request: POST https://svip.yi-zhan.top/v1/chat/completions "HTTP/1.1 200 OK"
INFO:fm-baseline:Output: #DB7093

INFO:fm-baseline:User Input:
convert rgb to hex

Input: 255,255,255
Output: #FFFFFF
Input: 238,130,238
Output: #EE82EE
Input: 147,112,219
Output: #9370DB
input: 34,139,34
output:

return the output value only
INFO:httpx:HTTP Request: POST https://svip.yi-zhan.top/v1/chat/completions "HTTP/1.1 200 OK"
INFO:fm-baseline:Output: #228B22

INFO:fm-baseline:Processing item [48/50]: ./data/TDE-v2/benchmark-bing-query-logs/semantic_7.json
INFO:fm-baseline:User Input:
convert decimal to hex

Input: 22
Output: 16
Input: 2156
Output: 86C
Input: 9876
Output: 2694
input: 323
output:

return the output value only
INFO:httpx:HTTP Request: POST https://svip.yi-zhan.top/v1/chat/completions "HTTP/1.1 200 OK"
INFO:fm-baseline:Output: 143

INFO:fm-baseline:User Input:
convert decimal to hex

Input: 22
Output: 16
Input: 2156
Output: 86C
Input: 9876
Output: 2694
input: 123234
output:

return the output value only
INFO:httpx:HTTP Request: POST https://svip.yi-zhan.top/v1/chat/completions "HTTP/1.1 200 OK"
INFO:fm-baseline:Output: 1E0F2

INFO:fm-baseline:Processing item [49/50]: ./data/TDE-v2/benchmark-bing-query-logs/semantic_8.json
INFO:fm-baseline:User Input:
convert utm to lat long

Input: 583662mE, 3589556mN
Output: 32.44N, 44.11E
Input: 429797mE, 3996430mN
Output: 36.11N, 80.22E
Input: 413642mE, 1196188mN
Output: 10.82N, 20.21E
input: 533791mE, 2555735mN
output:

return the output value only
INFO:httpx:HTTP Request: POST https://svip.yi-zhan.top/v1/chat/completions "HTTP/1.1 200 OK"
INFO:fm-baseline:Output: 22.57N, 42.46E

INFO:fm-baseline:User Input:
convert utm to lat long

Input: 583662mE, 3589556mN
Output: 32.44N, 44.11E
Input: 429797mE, 3996430mN
Output: 36.11N, 80.22E
Input: 413642mE, 1196188mN
Output: 10.82N, 20.21E
input: 715740mE, 2581625mN
output:

return the output value only
INFO:httpx:HTTP Request: POST https://svip.yi-zhan.top/v1/chat/completions "HTTP/1.1 200 OK"
INFO:fm-baseline:Output: 23.34N, 55.47E

INFO:fm-baseline:Processing item [50/50]: ./data/TDE-v2/benchmark-bing-query-logs/semantic_9.json
INFO:fm-baseline:User Input:
convert cm to feet and inches

Input: 3 cm
Output: 0 feet and 1.1811 inches
Input: 870 cm
Output: 28 feet and 6.5197 inches
Input: 69 cm
Output: 2 feet and 3.1654 inches
input: 44 cm
output:

return the output value only
INFO:httpx:HTTP Request: POST https://svip.yi-zhan.top/v1/chat/completions "HTTP/1.1 200 OK"
INFO:fm-baseline:Output: 1 foot and 5.3228 inches

INFO:fm-baseline:User Input:
convert cm to feet and inches

Input: 3 cm
Output: 0 feet and 1.1811 inches
Input: 870 cm
Output: 28 feet and 6.5197 inches
Input: 69 cm
Output: 2 feet and 3.1654 inches
input: 555 cm
output:

return the output value only
INFO:httpx:HTTP Request: POST https://svip.yi-zhan.top/v1/chat/completions "HTTP/1.1 200 OK"
INFO:fm-baseline:Output: 18 feet and 2.6457 inches

INFO:fm-baseline:Final accuracy on bingquery-logs: 0.54
INFO:fm-baseline:Average token costs - prompt: 92, completion: 5
