INFO:fm-baseline:Running Foundation Model on stackoverflow
INFO:fm-baseline:Processing dataset with 49 items
INFO:fm-baseline:Processing item [1/49]: ./data/TDE-v2/benchmark-stackoverflow/1.json
INFO:fm-baseline:User Input:
Use scientific notation only if needed

Input: .2367
Output: 0.23
Input: .00367
Output: 3.67E-3
Input: 22.3
Output: 22.3
input: 3364.0
output:

return the output value only
INFO:httpx:HTTP Request: POST https://svip.yi-zhan.top/v1/chat/completions "HTTP/1.1 200 OK"
INFO:fm-baseline:Output: 3.36E3

INFO:fm-baseline:User Input:
Use scientific notation only if needed

Input: .2367
Output: 0.23
Input: .00367
Output: 3.67E-3
Input: 22.3
Output: 22.3
input: 11
output:

return the output value only
INFO:httpx:HTTP Request: POST https://svip.yi-zhan.top/v1/chat/completions "HTTP/1.1 200 OK"
INFO:fm-baseline:Output: 11

INFO:fm-baseline:Processing item [2/49]: ./data/TDE-v2/benchmark-stackoverflow/10.json
INFO:fm-baseline:User Input:
kgs to pounds, one digit after the decimal, rounding

Input: 1
Output: 2.2
Input: 2
Output: 4.4
Input: 3
Output: 6.6
input: 4
output:

return the output value only
INFO:httpx:HTTP Request: POST https://svip.yi-zhan.top/v1/chat/completions "HTTP/1.1 200 OK"
INFO:fm-baseline:Output: 8.8

INFO:fm-baseline:User Input:
kgs to pounds, one digit after the decimal, rounding

Input: 1
Output: 2.2
Input: 2
Output: 4.4
Input: 3
Output: 6.6
input: 5
output:

return the output value only
INFO:httpx:HTTP Request: POST https://svip.yi-zhan.top/v1/chat/completions "HTTP/1.1 200 OK"
INFO:fm-baseline:Output: 11.0

INFO:fm-baseline:User Input:
kgs to pounds, one digit after the decimal, rounding

Input: 1
Output: 2.2
Input: 2
Output: 4.4
Input: 3
Output: 6.6
input: 6
output:

return the output value only
INFO:httpx:HTTP Request: POST https://svip.yi-zhan.top/v1/chat/completions "HTTP/1.1 200 OK"
INFO:fm-baseline:Output: 13.2

INFO:fm-baseline:User Input:
kgs to pounds, one digit after the decimal, rounding

Input: 1
Output: 2.2
Input: 2
Output: 4.4
Input: 3
Output: 6.6
input: 7
output:

return the output value only
INFO:httpx:HTTP Request: POST https://svip.yi-zhan.top/v1/chat/completions "HTTP/1.1 200 OK"
INFO:fm-baseline:Output: 15.4

INFO:fm-baseline:User Input:
kgs to pounds, one digit after the decimal, rounding

Input: 1
Output: 2.2
Input: 2
Output: 4.4
Input: 3
Output: 6.6
input: 8
output:

return the output value only
INFO:httpx:HTTP Request: POST https://svip.yi-zhan.top/v1/chat/completions "HTTP/1.1 200 OK"
INFO:fm-baseline:Output: 17.6

INFO:fm-baseline:User Input:
kgs to pounds, one digit after the decimal, rounding

Input: 1
Output: 2.2
Input: 2
Output: 4.4
Input: 3
Output: 6.6
input: 9
output:

return the output value only
INFO:httpx:HTTP Request: POST https://svip.yi-zhan.top/v1/chat/completions "HTTP/1.1 200 OK"
INFO:fm-baseline:Output: 19.8

INFO:fm-baseline:User Input:
kgs to pounds, one digit after the decimal, rounding

Input: 1
Output: 2.2
Input: 2
Output: 4.4
Input: 3
Output: 6.6
input: 10
output:

return the output value only
INFO:httpx:HTTP Request: POST https://svip.yi-zhan.top/v1/chat/completions "HTTP/1.1 200 OK"
INFO:fm-baseline:Output: 22.0

INFO:fm-baseline:User Input:
kgs to pounds, one digit after the decimal, rounding

Input: 1
Output: 2.2
Input: 2
Output: 4.4
Input: 3
Output: 6.6
input: 11
output:

return the output value only
INFO:httpx:HTTP Request: POST https://svip.yi-zhan.top/v1/chat/completions "HTTP/1.1 200 OK"
INFO:fm-baseline:Output: 24.3

INFO:fm-baseline:User Input:
kgs to pounds, one digit after the decimal, rounding

Input: 1
Output: 2.2
Input: 2
Output: 4.4
Input: 3
Output: 6.6
input: 12
output:

return the output value only
INFO:httpx:HTTP Request: POST https://svip.yi-zhan.top/v1/chat/completions "HTTP/1.1 200 OK"
INFO:fm-baseline:Output: 26.5

INFO:fm-baseline:Processing item [3/49]: ./data/TDE-v2/benchmark-stackoverflow/11.json
INFO:fm-baseline:User Input:
Add commas to numbers

Input: 1234567890
Output: 1,234,567,890
Input: 2134
Output: 2,134
Input: 1234.123
Output: 1,234.123
input: 123456789
output:

return the output value only
INFO:httpx:HTTP Request: POST https://svip.yi-zhan.top/v1/chat/completions "HTTP/1.1 200 OK"
INFO:fm-baseline:Output: 123,456,789

INFO:fm-baseline:User Input:
Add commas to numbers

Input: 1234567890
Output: 1,234,567,890
Input: 2134
Output: 2,134
Input: 1234.123
Output: 1,234.123
input: 1234
output:

return the output value only
INFO:httpx:HTTP Request: POST https://svip.yi-zhan.top/v1/chat/completions "HTTP/1.1 200 OK"
INFO:fm-baseline:Output: 1,234

INFO:fm-baseline:Processing item [4/49]: ./data/TDE-v2/benchmark-stackoverflow/12.json
INFO:fm-baseline:User Input:
Number formatting using K, M, B

Input: 10000
Output: 10K
Input: 212321
Output: 212K
Input: 9876549
Output: 9M
input: 7321876984
output:

return the output value only
INFO:httpx:HTTP Request: POST https://svip.yi-zhan.top/v1/chat/completions "HTTP/1.1 200 OK"
INFO:fm-baseline:Output: 7B

INFO:fm-baseline:User Input:
Number formatting using K, M, B

Input: 10000
Output: 10K
Input: 212321
Output: 212K
Input: 9876549
Output: 9M
input: 1111111111
output:

return the output value only
INFO:httpx:HTTP Request: POST https://svip.yi-zhan.top/v1/chat/completions "HTTP/1.1 200 OK"
INFO:fm-baseline:Output: 1B

INFO:fm-baseline:User Input:
Number formatting using K, M, B

Input: 10000
Output: 10K
Input: 212321
Output: 212K
Input: 9876549
Output: 9M
input: 12123123123
output:

return the output value only
INFO:httpx:HTTP Request: POST https://svip.yi-zhan.top/v1/chat/completions "HTTP/1.1 200 OK"
INFO:fm-baseline:Output: 12B

INFO:fm-baseline:User Input:
Number formatting using K, M, B

Input: 10000
Output: 10K
Input: 212321
Output: 212K
Input: 9876549
Output: 9M
input: 10001
output:

return the output value only
INFO:httpx:HTTP Request: POST https://svip.yi-zhan.top/v1/chat/completions "HTTP/1.1 200 OK"
INFO:fm-baseline:Output: 10K

INFO:fm-baseline:User Input:
Number formatting using K, M, B

Input: 10000
Output: 10K
Input: 212321
Output: 212K
Input: 9876549
Output: 9M
input: 212341
output:

return the output value only
INFO:httpx:HTTP Request: POST https://svip.yi-zhan.top/v1/chat/completions "HTTP/1.1 200 OK"
INFO:fm-baseline:Output: 212K

INFO:fm-baseline:User Input:
Number formatting using K, M, B

Input: 10000
Output: 10K
Input: 212321
Output: 212K
Input: 9876549
Output: 9M
input: 9876149
output:

return the output value only
INFO:httpx:HTTP Request: POST https://svip.yi-zhan.top/v1/chat/completions "HTTP/1.1 200 OK"
INFO:fm-baseline:Output: 10M

INFO:fm-baseline:User Input:
Number formatting using K, M, B

Input: 10000
Output: 10K
Input: 212321
Output: 212K
Input: 9876549
Output: 9M
input: 7321176984
output:

return the output value only
INFO:httpx:HTTP Request: POST https://svip.yi-zhan.top/v1/chat/completions "HTTP/1.1 200 OK"
INFO:fm-baseline:Output: 7B

INFO:fm-baseline:User Input:
Number formatting using K, M, B

Input: 10000
Output: 10K
Input: 212321
Output: 212K
Input: 9876549
Output: 9M
input: 2111111111
output:

return the output value only
INFO:httpx:HTTP Request: POST https://svip.yi-zhan.top/v1/chat/completions "HTTP/1.1 200 OK"
INFO:fm-baseline:Output: 2B

INFO:fm-baseline:User Input:
Number formatting using K, M, B

Input: 10000
Output: 10K
Input: 212321
Output: 212K
Input: 9876549
Output: 9M
input: 22123123123
output:

return the output value only
INFO:httpx:HTTP Request: POST https://svip.yi-zhan.top/v1/chat/completions "HTTP/1.1 200 OK"
INFO:fm-baseline:Output: 22B

INFO:fm-baseline:Processing item [5/49]: ./data/TDE-v2/benchmark-stackoverflow/13.json
INFO:fm-baseline:User Input:
Number formatting, use , before . , and keep two digits after .

Input: 432324
Output: 432,324.00
Input: 12334.13
Output: 12,334.13
Input: 12334.133
Output: 12,334.13
input: 12334.137
output:

return the output value only
INFO:httpx:HTTP Request: POST https://svip.yi-zhan.top/v1/chat/completions "HTTP/1.1 200 OK"
INFO:fm-baseline:Output: 12,334.14

INFO:fm-baseline:Processing item [6/49]: ./data/TDE-v2/benchmark-stackoverflow/14.json
INFO:fm-baseline:User Input:
Pad numbers to the left

Input: 2
Output: 02
Input: 3
Output: 03
Input: 12
Output: 12
input: 1
output:

return the output value only
INFO:httpx:HTTP Request: POST https://svip.yi-zhan.top/v1/chat/completions "HTTP/1.1 200 OK"
INFO:fm-baseline:Output: 02

INFO:fm-baseline:User Input:
Pad numbers to the left

Input: 2
Output: 02
Input: 3
Output: 03
Input: 12
Output: 12
input: 5
output:

return the output value only
INFO:httpx:HTTP Request: POST https://svip.yi-zhan.top/v1/chat/completions "HTTP/1.1 200 OK"
INFO:fm-baseline:Output: 05

INFO:fm-baseline:Processing item [7/49]: ./data/TDE-v2/benchmark-stackoverflow/15.json
INFO:fm-baseline:User Input:
Parse an integer from a string with trailing garbage

Input: 1
Output: 1
Input:  42 
Output: 42
Input: 3 -x..
Output: 3
input: 2 3 4 5
output:

return the output value only
INFO:httpx:HTTP Request: POST https://svip.yi-zhan.top/v1/chat/completions "HTTP/1.1 200 OK"
INFO:fm-baseline:Output: To parse an integer from a string while ignoring any trailing garbage, you can focus on extracting the leading integer value. Here’s a way to achieve this:

1. Trim any leading whitespace from the input.
2. Iterate through the characters of the string to build the integer until you encounter a non-digit character.
3. Convert the accumulated numeric string to an integer.

Below is a simple Python function that implements this:

```python
def parse_leading_integer(s):
    s = s.lstrip()  # Remove leading whitespace
    num_str = ""
    for char in s:
        if char.isdigit() or (char == '-' and len(num_str) == 0):
            num_str += char
        else:
            break
    return int(num_str) if num_str else None

# Examples
print(parse_leading_integer('1'))         # Output: 1
print(parse_leading_integer(' 42 '))      # Output: 42
print(parse_leading_integer('3 -x..'))    # Output: 3
print(parse_leading_integer('2 3 4 5'))   # Output: 2
```

When you use this function, it will give you the leading integer from the string:

- For `'1'` it will return `1`
- For `' 42 '` it will return `42`
- For `'3 -x..'` it will return `3`
- For `'2 3 4 5'` it will return `2`

This function handles both positive and negative integers.

INFO:fm-baseline:User Input:
Parse an integer from a string with trailing garbage

Input: 1
Output: 1
Input:  42 
Output: 42
Input: 3 -x..
Output: 3
input: 3 1 4 1
output:

return the output value only
INFO:httpx:HTTP Request: POST https://svip.yi-zhan.top/v1/chat/completions "HTTP/1.1 200 OK"
INFO:fm-baseline:Output: To parse an integer from a string with possible trailing garbage, you can use a function that extracts the initial integer part from the string. Here's a Python function to achieve that:

```python
def parse_integer_from_string(s):
    # Strip leading spaces
    s = s.lstrip()
    
    # Initialize an empty string to store the number characters
    num_str = ""
    
    # Iterate over each character in the input string
    for char in s:
        # Check if the character is a digit
        if char.isdigit():
            num_str += char
        else:
            # Stop if a non-digit character is encountered
            break

    # Convert the collected digits into an integer
    return int(num_str) if num_str else None

# Test the function
print(parse_integer_from_string("1"))       # Output: 1
print(parse_integer_from_string(" 42 "))    # Output: 42
print(parse_integer_from_string("3 -x.."))  # Output: 3
```

This function first trims any leading spaces, then accumulates all digits starting from the first character until it encounters a non-digit character. Finally, it converts the accumulated string of digits into an integer and returns it. If there are no digits in the string, it returns `None`.

INFO:fm-baseline:User Input:
Parse an integer from a string with trailing garbage

Input: 1
Output: 1
Input:  42 
Output: 42
Input: 3 -x..
Output: 3
input: 21 asg
output:

return the output value only
INFO:httpx:HTTP Request: POST https://svip.yi-zhan.top/v1/chat/completions "HTTP/1.1 200 OK"
INFO:fm-baseline:Output: To parse an integer from a string with trailing characters, you can use the following approach:

1. Trim leading and trailing whitespaces from the string.

INFO:fm-baseline:Processing item [8/49]: ./data/TDE-v2/benchmark-stackoverflow/16.json
INFO:fm-baseline:User Input:
Extract month from datetime

Input: Thursday, 1st January, 1970
Output: January
Input: Wednesday, 2nd March, 1980
Output: March
Input: Monday, 5th May, 1999
Output: May
input: Friday, 3rd April, 1989
output:

return the output value only
INFO:httpx:HTTP Request: POST https://svip.yi-zhan.top/v1/chat/completions "HTTP/1.1 200 OK"
INFO:fm-baseline:Output: April

INFO:fm-baseline:User Input:
Extract month from datetime

Input: Thursday, 1st January, 1970
Output: January
Input: Wednesday, 2nd March, 1980
Output: March
Input: Monday, 5th May, 1999
Output: May
input: Sunday, 3rd March, 2013
output:

return the output value only
INFO:httpx:HTTP Request: POST https://svip.yi-zhan.top/v1/chat/completions "HTTP/1.1 200 OK"
INFO:fm-baseline:Output: March

INFO:fm-baseline:Processing item [9/49]: ./data/TDE-v2/benchmark-stackoverflow/17.json
INFO:fm-baseline:User Input:
Leave proper space

Input: SampleText
Output: Sample Text
Input: DoesNotMatterHowManyWords
Output: Does Not Matter How Many Words
Input: WhatIf
Output: What If
input: SunInTheRain
output:

return the output value only
INFO:httpx:HTTP Request: POST https://svip.yi-zhan.top/v1/chat/completions "HTTP/1.1 200 OK"
INFO:fm-baseline:Output: Sun In The Rain

INFO:fm-baseline:User Input:
Leave proper space

Input: SampleText
Output: Sample Text
Input: DoesNotMatterHowManyWords
Output: Does Not Matter How Many Words
Input: WhatIf
Output: What If
input: TestIsGood
output:

return the output value only
INFO:httpx:HTTP Request: POST https://svip.yi-zhan.top/v1/chat/completions "HTTP/1.1 200 OK"
INFO:fm-baseline:Output: Test Is Good

INFO:fm-baseline:Processing item [10/49]: ./data/TDE-v2/benchmark-stackoverflow/18.json
INFO:fm-baseline:User Input:
Concateneate words with Camel Case

Input: Hello there everyone
Output: HelloThereEveryone
Input: What is wrong
Output: WhatIsWrong
Input: Wait for a while
Output: WaitForAWhile
input: Main page
output:

return the output value only
INFO:httpx:HTTP Request: POST https://svip.yi-zhan.top/v1/chat/completions "HTTP/1.1 200 OK"
INFO:fm-baseline:Output: MainPage

INFO:fm-baseline:User Input:
Concateneate words with Camel Case

Input: Hello there everyone
Output: HelloThereEveryone
Input: What is wrong
Output: WhatIsWrong
Input: Wait for a while
Output: WaitForAWhile
input: Test is good for everyone
output:

return the output value only
INFO:httpx:HTTP Request: POST https://svip.yi-zhan.top/v1/chat/completions "HTTP/1.1 200 OK"
INFO:fm-baseline:Output: TestIsGoodForEveryone

INFO:fm-baseline:Processing item [11/49]: ./data/TDE-v2/benchmark-stackoverflow/19.json
INFO:fm-baseline:User Input:
lower to upper case

Input: What is the matter
Output: WHAT IS THE MATTER
Input: Something is wrong
Output: SOMETHING IS WRONG
Input: Background color
Output: BACKGROUND COLOR
input: Everyday activity
output:

return the output value only
INFO:httpx:HTTP Request: POST https://svip.yi-zhan.top/v1/chat/completions "HTTP/1.1 200 OK"
INFO:fm-baseline:Output: EVERYDAY ACTIVITY

INFO:fm-baseline:User Input:
lower to upper case

Input: What is the matter
Output: WHAT IS THE MATTER
Input: Something is wrong
Output: SOMETHING IS WRONG
Input: Background color
Output: BACKGROUND COLOR
input: Test is good for everyone
output:

return the output value only
INFO:httpx:HTTP Request: POST https://svip.yi-zhan.top/v1/chat/completions "HTTP/1.1 200 OK"
INFO:fm-baseline:Output: TEST IS GOOD FOR EVERYONE

INFO:fm-baseline:Processing item [12/49]: ./data/TDE-v2/benchmark-stackoverflow/2.json
INFO:fm-baseline:User Input:
convert non-ASCII characters to their URL-encoded equivalents

Input:  
Output: %20
Input: !
Output: %21
Input: "
Output: %22
input: #
output:

return the output value only
INFO:httpx:HTTP Request: POST https://svip.yi-zhan.top/v1/chat/completions "HTTP/1.1 200 OK"
INFO:fm-baseline:Output: %23

INFO:fm-baseline:User Input:
convert non-ASCII characters to their URL-encoded equivalents

Input:  
Output: %20
Input: !
Output: %21
Input: "
Output: %22
input: $
output:

return the output value only
INFO:httpx:HTTP Request: POST https://svip.yi-zhan.top/v1/chat/completions "HTTP/1.1 200 OK"
INFO:fm-baseline:Output: %24

INFO:fm-baseline:User Input:
convert non-ASCII characters to their URL-encoded equivalents

Input:  
Output: %20
Input: !
Output: %21
Input: "
Output: %22
input: %
output:

return the output value only
INFO:httpx:HTTP Request: POST https://svip.yi-zhan.top/v1/chat/completions "HTTP/1.1 200 OK"
INFO:fm-baseline:Output: %25

INFO:fm-baseline:User Input:
convert non-ASCII characters to their URL-encoded equivalents

Input:  
Output: %20
Input: !
Output: %21
Input: "
Output: %22
input: &
output:

return the output value only
INFO:httpx:HTTP Request: POST https://svip.yi-zhan.top/v1/chat/completions "HTTP/1.1 200 OK"
INFO:fm-baseline:Output: %26

INFO:fm-baseline:User Input:
convert non-ASCII characters to their URL-encoded equivalents

Input:  
Output: %20
Input: !
Output: %21
Input: "
Output: %22
input: '
output:

return the output value only
INFO:httpx:HTTP Request: POST https://svip.yi-zhan.top/v1/chat/completions "HTTP/1.1 200 OK"
INFO:fm-baseline:Output: %27

INFO:fm-baseline:User Input:
convert non-ASCII characters to their URL-encoded equivalents

Input:  
Output: %20
Input: !
Output: %21
Input: "
Output: %22
input: (
output:

return the output value only
INFO:httpx:HTTP Request: POST https://svip.yi-zhan.top/v1/chat/completions "HTTP/1.1 200 OK"
INFO:fm-baseline:Output: %28

INFO:fm-baseline:User Input:
convert non-ASCII characters to their URL-encoded equivalents

Input:  
Output: %20
Input: !
Output: %21
Input: "
Output: %22
input: )
output:

return the output value only
INFO:httpx:HTTP Request: POST https://svip.yi-zhan.top/v1/chat/completions "HTTP/1.1 200 OK"
INFO:fm-baseline:Output: %29

INFO:fm-baseline:Processing item [13/49]: ./data/TDE-v2/benchmark-stackoverflow/20.json
INFO:fm-baseline:User Input:
replace multiple spaces with a single space

Input: 1 2 3 4   5
Output: 1 2 3 4 5
Input: How are    you
Output: How are you
Input: What   is the   matter
Output: What is the matter
input: 1   2  4  4
output:

return the output value only
INFO:httpx:HTTP Request: POST https://svip.yi-zhan.top/v1/chat/completions "HTTP/1.1 200 OK"
INFO:fm-baseline:Output: 1 2 4 4

INFO:fm-baseline:User Input:
replace multiple spaces with a single space

Input: 1 2 3 4   5
Output: 1 2 3 4 5
Input: How are    you
Output: How are you
Input: What   is the   matter
Output: What is the matter
input: How   fun
output:

return the output value only
INFO:httpx:HTTP Request: POST https://svip.yi-zhan.top/v1/chat/completions "HTTP/1.1 200 OK"
INFO:fm-baseline:Output: How fun

INFO:fm-baseline:Processing item [14/49]: ./data/TDE-v2/benchmark-stackoverflow/21.json
INFO:fm-baseline:User Input:
How does Stack Overflow generate its SEO-friendly URLs?

Input: How do you change a title to be part of the URL like Stack Overflow
Output: how-do-you-change-a-title-to-be-part-of-the-url-like-stack-overflow
Input: Built-In Character Casing functions in .Net
Output: built-in-character-casing-functions-in-net
Input: What's the difference between String and string
Output: whats-the-difference-between-string-and-string
input: Asp.Net Routing - Replace white spaces %20 with dashes from URLs generated
output:

return the output value only
INFO:httpx:HTTP Request: POST https://svip.yi-zhan.top/v1/chat/completions "HTTP/1.1 200 OK"
INFO:fm-baseline:Output: asp-net-routing-replace-white-spaces-20-with-dashes-from-urls-generated

INFO:fm-baseline:User Input:
How does Stack Overflow generate its SEO-friendly URLs?

Input: How do you change a title to be part of the URL like Stack Overflow
Output: how-do-you-change-a-title-to-be-part-of-the-url-like-stack-overflow
Input: Built-In Character Casing functions in .Net
Output: built-in-character-casing-functions-in-net
Input: What's the difference between String and string
Output: whats-the-difference-between-string-and-string
input: .NET method to convert a string to sentence case
output:

return the output value only
INFO:httpx:HTTP Request: POST https://svip.yi-zhan.top/v1/chat/completions "HTTP/1.1 200 OK"
INFO:fm-baseline:Output: net-method-to-convert-a-string-to-sentence-case

INFO:fm-baseline:Processing item [15/49]: ./data/TDE-v2/benchmark-stackoverflow/22.json
INFO:fm-baseline:User Input:
Phone number processing

Input: 519-781-8816
Output: 5197818816
Input: (913)-444-5555
Output: 9134445555
Input: 509-791-8816
Output: 5097918816
input: (912)-444-5555
output:

return the output value only
INFO:httpx:HTTP Request: POST https://svip.yi-zhan.top/v1/chat/completions "HTTP/1.1 200 OK"
INFO:fm-baseline:Output: 9124445555

INFO:fm-baseline:User Input:
Phone number processing

Input: 519-781-8816
Output: 5197818816
Input: (913)-444-5555
Output: 9134445555
Input: 509-791-8816
Output: 5097918816
input: 4654764768
output:

return the output value only
INFO:httpx:HTTP Request: POST https://svip.yi-zhan.top/v1/chat/completions "HTTP/1.1 200 OK"
INFO:fm-baseline:Output: 4654764768

INFO:fm-baseline:Processing item [16/49]: ./data/TDE-v2/benchmark-stackoverflow/23.json
INFO:fm-baseline:User Input:
Phone number processing

Input: 5197818816
Output: 519-781-8816
Input: 9134445555
Output: 913-444-5555
Input: 5097918816
Output: 509-791-8816
input: 9124445555
output:

return the output value only
INFO:httpx:HTTP Request: POST https://svip.yi-zhan.top/v1/chat/completions "HTTP/1.1 200 OK"
INFO:fm-baseline:Output: 912-444-5555

INFO:fm-baseline:User Input:
Phone number processing

Input: 5197818816
Output: 519-781-8816
Input: 9134445555
Output: 913-444-5555
Input: 5097918816
Output: 509-791-8816
input: 4654764768
output:

return the output value only
INFO:httpx:HTTP Request: POST https://svip.yi-zhan.top/v1/chat/completions "HTTP/1.1 200 OK"
INFO:fm-baseline:Output: 465-476-4768

INFO:fm-baseline:Processing item [17/49]: ./data/TDE-v2/benchmark-stackoverflow/24.json
INFO:fm-baseline:User Input:
Sort alphanumeric string, then alternate numeric and alphabet characters

Input: D4C3B2A1
Output: A1B2C3D4
Input: E7C3B2A1
Output: A1B2C3E7
Input: ABCDE12345
Output: A1B2C3D4E5
input: AB12345CDE
output:

return the output value only
INFO:httpx:HTTP Request: POST https://svip.yi-zhan.top/v1/chat/completions "HTTP/1.1 200 OK"
INFO:fm-baseline:Output: A1B2C3D4E5

INFO:fm-baseline:User Input:
Sort alphanumeric string, then alternate numeric and alphabet characters

Input: D4C3B2A1
Output: A1B2C3D4
Input: E7C3B2A1
Output: A1B2C3E7
Input: ABCDE12345
Output: A1B2C3D4E5
input: E12HY5
output:

return the output value only
INFO:httpx:HTTP Request: POST https://svip.yi-zhan.top/v1/chat/completions "HTTP/1.1 200 OK"
INFO:fm-baseline:Output: A1E2H5Y

INFO:fm-baseline:Processing item [18/49]: ./data/TDE-v2/benchmark-stackoverflow/25.json
INFO:fm-baseline:User Input:
Month to number conversion

Input: January
Output: 1
Input: February
Output: 2
Input: March
Output: 3
input: April
output:

return the output value only
INFO:httpx:HTTP Request: POST https://svip.yi-zhan.top/v1/chat/completions "HTTP/1.1 200 OK"
INFO:fm-baseline:Output: 4

INFO:fm-baseline:User Input:
Month to number conversion

Input: January
Output: 1
Input: February
Output: 2
Input: March
Output: 3
input: May
output:

return the output value only
INFO:httpx:HTTP Request: POST https://svip.yi-zhan.top/v1/chat/completions "HTTP/1.1 200 OK"
INFO:fm-baseline:Output: 5

INFO:fm-baseline:User Input:
Month to number conversion

Input: January
Output: 1
Input: February
Output: 2
Input: March
Output: 3
input: June
output:

return the output value only
INFO:httpx:HTTP Request: POST https://svip.yi-zhan.top/v1/chat/completions "HTTP/1.1 200 OK"
INFO:fm-baseline:Output: 6

INFO:fm-baseline:User Input:
Month to number conversion

Input: January
Output: 1
Input: February
Output: 2
Input: March
Output: 3
input: July
output:

return the output value only
INFO:httpx:HTTP Request: POST https://svip.yi-zhan.top/v1/chat/completions "HTTP/1.1 200 OK"
INFO:fm-baseline:Output: 7

INFO:fm-baseline:User Input:
Month to number conversion

Input: January
Output: 1
Input: February
Output: 2
Input: March
Output: 3
input: August
output:

return the output value only
INFO:httpx:HTTP Request: POST https://svip.yi-zhan.top/v1/chat/completions "HTTP/1.1 200 OK"
INFO:fm-baseline:Output: 8

INFO:fm-baseline:User Input:
Month to number conversion

Input: January
Output: 1
Input: February
Output: 2
Input: March
Output: 3
input: September
output:

return the output value only
INFO:httpx:HTTP Request: POST https://svip.yi-zhan.top/v1/chat/completions "HTTP/1.1 200 OK"
INFO:fm-baseline:Output: 9

INFO:fm-baseline:User Input:
Month to number conversion

Input: January
Output: 1
Input: February
Output: 2
Input: March
Output: 3
input: October
output:

return the output value only
INFO:httpx:HTTP Request: POST https://svip.yi-zhan.top/v1/chat/completions "HTTP/1.1 200 OK"
INFO:fm-baseline:Output: 10

INFO:fm-baseline:User Input:
Month to number conversion

Input: January
Output: 1
Input: February
Output: 2
Input: March
Output: 3
input: November
output:

return the output value only
INFO:httpx:HTTP Request: POST https://svip.yi-zhan.top/v1/chat/completions "HTTP/1.1 200 OK"
INFO:fm-baseline:Output: 11

INFO:fm-baseline:User Input:
Month to number conversion

Input: January
Output: 1
Input: February
Output: 2
Input: March
Output: 3
input: December
output:

return the output value only
INFO:httpx:HTTP Request: POST https://svip.yi-zhan.top/v1/chat/completions "HTTP/1.1 200 OK"
INFO:fm-baseline:Output: 12

INFO:fm-baseline:Processing item [19/49]: ./data/TDE-v2/benchmark-stackoverflow/26.json
INFO:fm-baseline:User Input:
How to filter out xml attributes?

Input: <sample1 xns:id="e7b014d9-6271-4e32-921d-7488edfd6ea4">a</sample1>
Output: <sample1>a</sample1>
Input: <sample2 xns:id="d3450e86-7264-4512-9891-6c7183257741">b</sample2>
Output: <sample2>b</sample2>
Input: <sample4 xns:id="abc">xyz</sample3>
Output: <sample3>xyz</sample3>
input: <sample3 xns:id="7f04f178-f235-4647-8584-c4e77f73fecf">c</sample3>
output:

return the output value only
INFO:httpx:HTTP Request: POST https://svip.yi-zhan.top/v1/chat/completions "HTTP/1.1 200 OK"
INFO:fm-baseline:Output: To filter out XML attributes from a string and return only the XML structure with its content, you can use a regular expression to remove the attributes. Here's an example using Python:

```python
import re

def remove_xml_attributes(xml_string):
    # Use regex to remove attributes from the XML tag
    cleaned_xml = re.sub(r'(<\w+)[^>]*>', r'\1>', xml_string)
    return cleaned_xml

# Example usage:
input1 = '<sample1 xns:id="e7b014d9-6271-4e32-921d-7488edfd6ea4">a</sample1>'
output1 = remove_xml_attributes(input1)
print(output1)  # Output: <sample1>a</sample1>

input2 = '<sample2 xns:id="d3450e86-7264-4512-9891-6c7183257741">b</sample2>'
output2 = remove_xml_attributes(input2)
print(output2)  # Output: <sample2>b</sample2>

input3 = '<sample4 xns:id="abc">xyz</sample3>'
output3 = remove_xml_attributes(input3)
print(output3)  # Output: <sample3>xyz</sample3>

input4 = '<sample3 xns:id="7f04f178-f235-4647-8584-c4e77f73fecf">c</sample3>'
output4 = remove_xml_attributes(input4)
print(output4)  # Output: <sample3>c</sample3>
```

Using the above function, you can apply it to your XML input strings to get the desired output by removing attributes.

INFO:fm-baseline:User Input:
How to filter out xml attributes?

Input: <sample1 xns:id="e7b014d9-6271-4e32-921d-7488edfd6ea4">a</sample1>
Output: <sample1>a</sample1>
Input: <sample2 xns:id="d3450e86-7264-4512-9891-6c7183257741">b</sample2>
Output: <sample2>b</sample2>
Input: <sample4 xns:id="abc">xyz</sample3>
Output: <sample3>xyz</sample3>
input: <sample6 xns:id="test">b</sample6>
output:

return the output value only
INFO:httpx:HTTP Request: POST https://svip.yi-zhan.top/v1/chat/completions "HTTP/1.1 200 OK"
INFO:fm-baseline:Output: To filter out XML attributes and return only the tag content without attributes, you can use an XML parser or regular expressions to manipulate the input strings. Here's an example using Python with regular expressions:

```python
import re

def strip_attributes(xml_input):
    # Match a pattern where the tag has attributes, and remove them
    pattern = r'<(\w+)[^>]*>(.*?)<\/\1>'
    match = re.match(pattern, xml_input)
    if match:
        tag_name = match.group(1)
        content = match.group(2)
        return f'<{tag_name}>{content}</{tag_name}>'
    return xml_input

# Test the function with given inputs
input1 = '<sample1 xns:id="e7b014d9-6271-4e32-921d-7488edfd6ea4">a</sample1>'
input2 = '<sample2 xns:id="d3450e86-7264-4512-9891-6c7183257741">b</sample2>'
input3 = '<sample4 xns:id="abc">xyz</sample3>' # This seems like a typo in the closing tag, corrected to sample4
input4 = '<sample6 xns:id="test">b</sample6>'

output1 = strip_attributes(input1)
output2 = strip_attributes(input2)
output3 = strip_attributes(input3)
output4 = strip_attributes(input4)

print(output1)  # Output: <sample1>a</sample1>
print(output2)  # Output: <sample2>b</sample2>
print(output3)  # Output: <sample4>xyz</sample4> (corrected the closing tag for consistency)
print(output4)  # Output: <sample6>b</sample6>
```

Each `strip_attributes` call takes an XML string as input and returns a string with the attributes removed, leaving only the tag content. Adjust the tag names if there is inconsistency in the input-output relationship. In the above code, regular expressions are used to match and reconstruct the XML elements without their attributes. 

Note: The code assumes that the input string is well-formed XML. If there are any mismatches in tag names in the input (as seen in the third example you provided), you'll need to correct them or handle such cases separately for accurate transformation.

INFO:fm-baseline:Processing item [20/49]: ./data/TDE-v2/benchmark-stackoverflow/27.json
INFO:fm-baseline:User Input:
F -> C, need calculation + rounding

Input: 40
Output: 4
Input: 45
Output: 7
Input: 50
Output: 10
input: 55
output:

return the output value only
INFO:httpx:HTTP Request: POST https://svip.yi-zhan.top/v1/chat/completions "HTTP/1.1 200 OK"
INFO:fm-baseline:Output: 13

INFO:fm-baseline:User Input:
F -> C, need calculation + rounding

Input: 40
Output: 4
Input: 45
Output: 7
Input: 50
Output: 10
input: 60
output:

return the output value only
INFO:httpx:HTTP Request: POST https://svip.yi-zhan.top/v1/chat/completions "HTTP/1.1 200 OK"
INFO:fm-baseline:Output: 16

INFO:fm-baseline:Processing item [21/49]: ./data/TDE-v2/benchmark-stackoverflow/28.json
INFO:fm-baseline:User Input:
Most efficient way to remove special characters from string, only allow A-Z a-Z 0-9

Input: BA(kfa1237fdn
Output: BAkfa1237fdn
Input: *9kk12jf7eYTk1
Output: 9kk12jf7eYTk1
Input: ()kjfdsk13^$$*A
Output: kjfdsk13A
input: 092378LLLL111
output:

return the output value only
INFO:httpx:HTTP Request: POST https://svip.yi-zhan.top/v1/chat/completions "HTTP/1.1 200 OK"
INFO:fm-baseline:Output: BAkfa1237fdn
9kk12jf7eYTk1
kjfdsk13A
092378LLLL111

INFO:fm-baseline:User Input:
Most efficient way to remove special characters from string, only allow A-Z a-Z 0-9

Input: BA(kfa1237fdn
Output: BAkfa1237fdn
Input: *9kk12jf7eYTk1
Output: 9kk12jf7eYTk1
Input: ()kjfdsk13^$$*A
Output: kjfdsk13A
input: 11PP))(*(&^%%&*
output:

return the output value only
INFO:httpx:HTTP Request: POST https://svip.yi-zhan.top/v1/chat/completions "HTTP/1.1 200 OK"
INFO:fm-baseline:Output: Certainly! To remove special characters from a string and only allow alphanumeric characters (A-Z, a-z, 0-9), you can use a regular expression. Here's a Python function that demonstrates this:

```python
import re

def remove_special_characters(input_string):
    return re.sub(r'[^A-Za-z0-9]', '', input_string)

# Test cases
print(remove_special_characters("BA(kfa1237fdn"))  # Output: BAkfa1237fdn
print(remove_special_characters("*9kk12jf7eYTk1"))  # Output: 9kk12jf7eYTk1
print(remove_special_characters("()kjfdsk13^$$*A"))  # Output: kjfdsk13A
print(remove_special_characters("11PP))(*(&^%%&*")) # Output: 11PP
```

This function uses `re.sub()` to substitute any character that is not an uppercase letter, lowercase letter, or digit with an empty string, effectively removing all special characters. You can use this function to process any input string as shown in the test cases.

INFO:fm-baseline:Processing item [22/49]: ./data/TDE-v2/benchmark-stackoverflow/29.json
INFO:fm-baseline:User Input:
Chemistry: Parsing a chemical formula

Input: Pb
Output: Pb
Input: H
Output: H
Input: Pb2
Output: 2Pb
input: H2
output:

return the output value only
INFO:httpx:HTTP Request: POST https://svip.yi-zhan.top/v1/chat/completions "HTTP/1.1 200 OK"
INFO:fm-baseline:Output: 2H

INFO:fm-baseline:User Input:
Chemistry: Parsing a chemical formula

Input: Pb
Output: Pb
Input: H
Output: H
Input: Pb2
Output: 2Pb
input: 3Pb2
output:

return the output value only
INFO:httpx:HTTP Request: POST https://svip.yi-zhan.top/v1/chat/completions "HTTP/1.1 200 OK"
INFO:fm-baseline:Output: 6Pb

INFO:fm-baseline:User Input:
Chemistry: Parsing a chemical formula

Input: Pb
Output: Pb
Input: H
Output: H
Input: Pb2
Output: 2Pb
input: PbH2
output:

return the output value only
INFO:httpx:HTTP Request: POST https://svip.yi-zhan.top/v1/chat/completions "HTTP/1.1 200 OK"
INFO:fm-baseline:Output: PbH2

INFO:fm-baseline:User Input:
Chemistry: Parsing a chemical formula

Input: Pb
Output: Pb
Input: H
Output: H
Input: Pb2
Output: 2Pb
input: (PbH2)2
output:

return the output value only
INFO:httpx:HTTP Request: POST https://svip.yi-zhan.top/v1/chat/completions "HTTP/1.1 200 OK"
INFO:fm-baseline:Output: 2PbH2

INFO:fm-baseline:User Input:
Chemistry: Parsing a chemical formula

Input: Pb
Output: Pb
Input: H
Output: H
Input: Pb2
Output: 2Pb
input: Pb(H2)2
output:

return the output value only
INFO:httpx:HTTP Request: POST https://svip.yi-zhan.top/v1/chat/completions "HTTP/1.1 200 OK"
INFO:fm-baseline:Output: 2H2Pb

INFO:fm-baseline:User Input:
Chemistry: Parsing a chemical formula

Input: Pb
Output: Pb
Input: H
Output: H
Input: Pb2
Output: 2Pb
input: (Pb(H2)2)2NO3
output:

return the output value only
INFO:httpx:HTTP Request: POST https://svip.yi-zhan.top/v1/chat/completions "HTTP/1.1 200 OK"
INFO:fm-baseline:Output: 2Pb(H₂)₄NO₃

INFO:fm-baseline:User Input:
Chemistry: Parsing a chemical formula

Input: Pb
Output: Pb
Input: H
Output: H
Input: Pb2
Output: 2Pb
input: (Ag(Pb(H2)2)2)2SO4
output:

return the output value only
INFO:httpx:HTTP Request: POST https://svip.yi-zhan.top/v1/chat/completions "HTTP/1.1 200 OK"
INFO:fm-baseline:Output: 4Ag2Pb4H8SO4

INFO:fm-baseline:User Input:
Chemistry: Parsing a chemical formula

Input: Pb
Output: Pb
Input: H
Output: H
Input: Pb2
Output: 2Pb
input: Pb(CH3(CH2)2CH3)2
output:

return the output value only
INFO:httpx:HTTP Request: POST https://svip.yi-zhan.top/v1/chat/completions "HTTP/1.1 200 OK"
INFO:fm-baseline:Output: 2Pb(C₄H₁₀)

INFO:fm-baseline:User Input:
Chemistry: Parsing a chemical formula

Input: Pb
Output: Pb
Input: H
Output: H
Input: Pb2
Output: 2Pb
input: Na2(CH3(CH2)2CH3)2
output:

return the output value only
INFO:httpx:HTTP Request: POST https://svip.yi-zhan.top/v1/chat/completions "HTTP/1.1 200 OK"
INFO:fm-baseline:Output: 2Na + 4C + 12H

INFO:fm-baseline:User Input:
Chemistry: Parsing a chemical formula

Input: Pb
Output: Pb
Input: H
Output: H
Input: Pb2
Output: 2Pb
input: Tc(H2O)3Fe3(SO4)2
output:

return the output value only
INFO:httpx:HTTP Request: POST https://svip.yi-zhan.top/v1/chat/completions "HTTP/1.1 200 OK"
INFO:fm-baseline:Output: Tc(H2O)3Fe3(SO4)2

INFO:fm-baseline:User Input:
Chemistry: Parsing a chemical formula

Input: Pb
Output: Pb
Input: H
Output: H
Input: Pb2
Output: 2Pb
input: Tc(H2O)3(Fe3(SO4)2)2
output:

return the output value only
INFO:httpx:HTTP Request: POST https://svip.yi-zhan.top/v1/chat/completions "HTTP/1.1 200 OK"
INFO:fm-baseline:Output: 3H2OTc2Fe3(SO4)2

INFO:fm-baseline:User Input:
Chemistry: Parsing a chemical formula

Input: Pb
Output: Pb
Input: H
Output: H
Input: Pb2
Output: 2Pb
input: (Tc(H2O)3(Fe3(SO4)2)2)2
output:

return the output value only
INFO:httpx:HTTP Request: POST https://svip.yi-zhan.top/v1/chat/completions "HTTP/1.1 200 OK"
INFO:fm-baseline:Output: 4Tc + 6H2O + 12Fe + 24SO4

INFO:fm-baseline:User Input:
Chemistry: Parsing a chemical formula

Input: Pb
Output: Pb
Input: H
Output: H
Input: Pb2
Output: 2Pb
input: (Tc(H2O)3CO(Fe3(SO4)2)2)2
output:

return the output value only
INFO:httpx:HTTP Request: POST https://svip.yi-zhan.top/v1/chat/completions "HTTP/1.1 200 OK"
INFO:fm-baseline:Output: 2Tc(H2O)6CO(Fe3(SO4)2)2

INFO:fm-baseline:Processing item [23/49]: ./data/TDE-v2/benchmark-stackoverflow/3.json
INFO:fm-baseline:User Input:
Remove HTML tags from string

Input: <b>Hello World.</b><br/><p><i>Is there anyone out there?</i><p>
Output: Hello World. Is there anyone out there?
Input: <html><body>bla bla</td><td>bla bla<body><html>
Output: bla bla bla bla
Input: <b>hello world!</b><br /><i>it is me! !</i>
Output: hello world! it is me! !
input: <b>test</b>
output:

return the output value only
INFO:httpx:HTTP Request: POST https://svip.yi-zhan.top/v1/chat/completions "HTTP/1.1 200 OK"
INFO:fm-baseline:Output: Hello World. Is there anyone out there?  
bla bla bla bla  
hello world! it is me! !  
test

INFO:fm-baseline:Processing item [24/49]: ./data/TDE-v2/benchmark-stackoverflow/30.json
INFO:fm-baseline:User Input:
Math expressions evaluation

Input: 3+6
Output: 9
Input: 40-9
Output: 31
Input: 2*6
Output: 12
input: 9/3
output:

return the output value only
INFO:httpx:HTTP Request: POST https://svip.yi-zhan.top/v1/chat/completions "HTTP/1.1 200 OK"
INFO:fm-baseline:Output: 3

INFO:fm-baseline:User Input:
Math expressions evaluation

Input: 3+6
Output: 9
Input: 40-9
Output: 31
Input: 2*6
Output: 12
input: 1+9-2
output:

return the output value only
INFO:httpx:HTTP Request: POST https://svip.yi-zhan.top/v1/chat/completions "HTTP/1.1 200 OK"
INFO:fm-baseline:Output: 8

INFO:fm-baseline:User Input:
Math expressions evaluation

Input: 3+6
Output: 9
Input: 40-9
Output: 31
Input: 2*6
Output: 12
input: 1+4/2
output:

return the output value only
INFO:httpx:HTTP Request: POST https://svip.yi-zhan.top/v1/chat/completions "HTTP/1.1 200 OK"
INFO:fm-baseline:Output: 3

INFO:fm-baseline:Processing item [25/49]: ./data/TDE-v2/benchmark-stackoverflow/31.json
INFO:fm-baseline:User Input:
How to convert number to words in Python

Input: 10183
Output: ten thousand one hundred eighty three
Input: 90
Output: ninety
Input: 5888
Output: five thousand eight hundred eighty eight
input: 100000
output:

return the output value only
INFO:httpx:HTTP Request: POST https://svip.yi-zhan.top/v1/chat/completions "HTTP/1.1 200 OK"
INFO:fm-baseline:Output: To convert numbers to words in Python, you can use the `num2words` library, which is specifically designed for this purpose. If you haven't installed it yet, you can do so using pip:

```bash
pip install num2words
```

Here's how you can use it to convert numbers to words:

```python
from num2words import num2words

def number_to_words(number):
    return num2words(number)

# Test examples
print(number_to_words(10183))  # Output: 'ten thousand one hundred eighty-three'
print(number_to_words(90))     # Output: 'ninety'
print(number_to_words(5888))   # Output: 'five thousand eight hundred eighty-eight'
print(number_to_words(100000)) # Output: 'one hundred thousand'
```

The function `number_to_words` uses `num2words` to convert the input number to words and returns the result. Note that the output may include hyphens between words for numbers like twenty-one. If you want to modify the output format, additional string manipulation may be required.

INFO:fm-baseline:User Input:
How to convert number to words in Python

Input: 10183
Output: ten thousand one hundred eighty three
Input: 90
Output: ninety
Input: 5888
Output: five thousand eight hundred eighty eight
input: 999999
output:

return the output value only
INFO:httpx:HTTP Request: POST https://svip.yi-zhan.top/v1/chat/completions "HTTP/1.1 200 OK"
INFO:fm-baseline:Output: To convert numbers to words in Python, you can either implement your own conversion function or use an external library like `num2words`. Using `num

INFO:fm-baseline:User Input:
How to convert number to words in Python

Input: 10183
Output: ten thousand one hundred eighty three
Input: 90
Output: ninety
Input: 5888
Output: five thousand eight hundred eighty eight
input: 1000001
output:

return the output value only
INFO:httpx:HTTP Request: POST https://svip.yi-zhan.top/v1/chat/completions "HTTP/1.1 200 OK"
INFO:fm-baseline:Output: To convert numbers to words in Python, you can use the `num2words` library. First, you'll need to install the library if you haven't

INFO:fm-baseline:User Input:
How to convert number to words in Python

Input: 10183
Output: ten thousand one hundred eighty three
Input: 90
Output: ninety
Input: 5888
Output: five thousand eight hundred eighty eight
input: 10000007
output:

return the output value only
INFO:httpx:HTTP Request: POST https://svip.yi-zhan.top/v1/chat/completions "HTTP/1.1 200 OK"
INFO:fm-baseline:Output: To convert numbers to words in Python, you can use a library called `num2words`, which simplifies this task significantly. Below is an example of how you can use this library to achieve the desired output:

First, you'll need to install the `num2words` library if you haven't already. You can do this using pip:

```bash
pip install num2words
```

After installing the library, you can use the following code to convert numbers to words:

```python
from num2words import num2words

def convert_number_to_words(number):
    return num2words(number)

# Test cases
print(convert_number_to_words(10183))   # Output: "ten thousand one hundred eighty three"
print(convert_number_to_words(90))      # Output: "ninety"
print(convert_number_to_words(5888))    # Output: "five thousand eight hundred eighty eight"
print(convert_number_to_words(10000007)) # Output: "ten million seven"
```

This code defines a function `convert_number_to_words` which uses the `num2words` function to convert a given number into words. It then prints the result for each test input. The `num2words` library handles the conversion internally and provides the output in a native English format.

INFO:fm-baseline:Processing item [26/49]: ./data/TDE-v2/benchmark-stackoverflow/32.json
INFO:fm-baseline:User Input:
Algorithm help! Fast algorithm in searching for a string with its partner

Input: TAGTC
Output: ATCAG
Input: CGCAT
Output: GCGTA
Input: ACCAG
Output: TGGTC
input: GACTA
output:

return the output value only
INFO:httpx:HTTP Request: POST https://svip.yi-zhan.top/v1/chat/completions "HTTP/1.1 200 OK"
INFO:fm-baseline:Output: The problem you're describing seems to involve generating a complementary DNA sequence for the given input sequence. In DNA, the bases pair as follows:

- 'A' (Adenine) pairs with 'T' (Thymine)
- 'T' (Thymine) pairs with 'A' (Adenine)
- 'C' (Cytosine) pairs with 'G' (Guanine)
- 'G' (Guanine) pairs with 'C' (Cytosine)

Based on your examples and the rules above, the algorithm needs to generate a complementary strand.

Let's find the output for your input "GACTA":

1. G -> C
2. A -> T
3. C -> G
4. T -> A
5. A -> T

Therefore, the complementary sequence to "GACTA" is "CTGAT".

INFO:fm-baseline:User Input:
Algorithm help! Fast algorithm in searching for a string with its partner

Input: TAGTC
Output: ATCAG
Input: CGCAT
Output: GCGTA
Input: ACCAG
Output: TGGTC
input: CGCAA
output:

return the output value only
INFO:httpx:HTTP Request: POST https://svip.yi-zhan.top/v1/chat/completions "HTTP/1.1 200 OK"
INFO:fm-baseline:Output: GTTGC

INFO:fm-baseline:Processing item [27/49]: ./data/TDE-v2/benchmark-stackoverflow/33.json
INFO:fm-baseline:User Input:
Prefix a word with 'a' or 'an'

Input: used car
Output: a used car
Input: honest mistake
Output: an honest mistake
Input: computer
Output: a computer
input: orange
output:

return the output value only
INFO:httpx:HTTP Request: POST https://svip.yi-zhan.top/v1/chat/completions "HTTP/1.1 200 OK"
INFO:fm-baseline:Output: an orange

INFO:fm-baseline:User Input:
Prefix a word with 'a' or 'an'

Input: used car
Output: a used car
Input: honest mistake
Output: an honest mistake
Input: computer
Output: a computer
input: hour
output:

return the output value only
INFO:httpx:HTTP Request: POST https://svip.yi-zhan.top/v1/chat/completions "HTTP/1.1 200 OK"
INFO:fm-baseline:Output: an hour

INFO:fm-baseline:Processing item [28/49]: ./data/TDE-v2/benchmark-stackoverflow/34.json
INFO:fm-baseline:User Input:
Median

Input: 2, 2, 3, 4, 7, 8, 9
Output: 4
Input: 1, 2, 3, 5, 6, 7, 8
Output: 5
Input: 1, 2, 3
Output: 2
input: 4, 5, 6, 7, 8, 9, 10, 11, 12
output:

return the output value only
INFO:httpx:HTTP Request: POST https://svip.yi-zhan.top/v1/chat/completions "HTTP/1.1 200 OK"
INFO:fm-baseline:Output: 8

INFO:fm-baseline:User Input:
Median

Input: 2, 2, 3, 4, 7, 8, 9
Output: 4
Input: 1, 2, 3, 5, 6, 7, 8
Output: 5
Input: 1, 2, 3
Output: 2
input: 1, 2, 3, 4, 5
output:

return the output value only
INFO:httpx:HTTP Request: POST https://svip.yi-zhan.top/v1/chat/completions "HTTP/1.1 200 OK"
INFO:fm-baseline:Output: 3

INFO:fm-baseline:Processing item [29/49]: ./data/TDE-v2/benchmark-stackoverflow/35.json
INFO:fm-baseline:User Input:
Increment date by one day

Input: 2007-01-01
Output: 2007-01-02
Input: 2008-12-12
Output: 2008-12-13
Input: 2009-03-31
Output: 2010-04-01
input: 2015-02-28
output:

return the output value only
INFO:httpx:HTTP Request: POST https://svip.yi-zhan.top/v1/chat/completions "HTTP/1.1 200 OK"
INFO:fm-baseline:Output: 2015-03-01

INFO:fm-baseline:User Input:
Increment date by one day

Input: 2007-01-01
Output: 2007-01-02
Input: 2008-12-12
Output: 2008-12-13
Input: 2009-03-31
Output: 2010-04-01
input: 2015-12-31
output:

return the output value only
INFO:httpx:HTTP Request: POST https://svip.yi-zhan.top/v1/chat/completions "HTTP/1.1 200 OK"
INFO:fm-baseline:Output: 2016-01-01

INFO:fm-baseline:Processing item [30/49]: ./data/TDE-v2/benchmark-stackoverflow/36.json
INFO:fm-baseline:User Input:
Convert date from y-m-d to m/d/y

Input: 2009/8/19
Output: 8/19/2009
Input: 2001/12/12
Output: 12/12/2001
Input: 2014/3/20
Output: 3/20/2014
input: 2011/12/22
output:

return the output value only
INFO:httpx:HTTP Request: POST https://svip.yi-zhan.top/v1/chat/completions "HTTP/1.1 200 OK"
INFO:fm-baseline:Output: 12/22/2011

INFO:fm-baseline:User Input:
Convert date from y-m-d to m/d/y

Input: 2009/8/19
Output: 8/19/2009
Input: 2001/12/12
Output: 12/12/2001
Input: 2014/3/20
Output: 3/20/2014
input: 2012/4/11
output:

return the output value only
INFO:httpx:HTTP Request: POST https://svip.yi-zhan.top/v1/chat/completions "HTTP/1.1 200 OK"
INFO:fm-baseline:Output: 4/11/2012

INFO:fm-baseline:Processing item [31/49]: ./data/TDE-v2/benchmark-stackoverflow/37.json
INFO:fm-baseline:User Input:
Get month name from Date

Input: 10/11/2009
Output: October
Input: 01/12/2012
Output: January
Input: 03/14/2013
Output: March
input: 05/09/2014
output:

return the output value only
INFO:httpx:HTTP Request: POST https://svip.yi-zhan.top/v1/chat/completions "HTTP/1.1 200 OK"
INFO:fm-baseline:Output: May

INFO:fm-baseline:User Input:
Get month name from Date

Input: 10/11/2009
Output: October
Input: 01/12/2012
Output: January
Input: 03/14/2013
Output: March
input: 12/12/2012
output:

return the output value only
INFO:httpx:HTTP Request: POST https://svip.yi-zhan.top/v1/chat/completions "HTTP/1.1 200 OK"
INFO:fm-baseline:Output: December

INFO:fm-baseline:Processing item [32/49]: ./data/TDE-v2/benchmark-stackoverflow/38.json
INFO:fm-baseline:User Input:
person name abbreviation

Input: Jack Bauer
Output: J. Bauer
Input: Charles Wooten
Output: C. Wooten
Input: Kim Lee
Output: K. Lee
input: Lucy Goodman
output:

return the output value only
INFO:httpx:HTTP Request: POST https://svip.yi-zhan.top/v1/chat/completions "HTTP/1.1 200 OK"
INFO:fm-baseline:Output: L. Goodman

INFO:fm-baseline:User Input:
person name abbreviation

Input: Jack Bauer
Output: J. Bauer
Input: Charles Wooten
Output: C. Wooten
Input: Kim Lee
Output: K. Lee
input: Rachel Green
output:

return the output value only
INFO:httpx:HTTP Request: POST https://svip.yi-zhan.top/v1/chat/completions "HTTP/1.1 200 OK"
INFO:fm-baseline:Output: R. Green

INFO:fm-baseline:Processing item [33/49]: ./data/TDE-v2/benchmark-stackoverflow/39.json
INFO:fm-baseline:User Input:
Splitting string into sizes of 4

Input: 1111222233334444
Output: 1111,2222,3333,4444
Input: 123412341234
Output: 1234,1234,1234
Input: 1111222
Output: 1111,222
input: 123412345
output:

return the output value only
INFO:httpx:HTTP Request: POST https://svip.yi-zhan.top/v1/chat/completions "HTTP/1.1 200 OK"
INFO:fm-baseline:Output: 1234,1234,5

INFO:fm-baseline:User Input:
Splitting string into sizes of 4

Input: 1111222233334444
Output: 1111,2222,3333,4444
Input: 123412341234
Output: 1234,1234,1234
Input: 1111222
Output: 1111,222
input: 1
output:

return the output value only
INFO:httpx:HTTP Request: POST https://svip.yi-zhan.top/v1/chat/completions "HTTP/1.1 200 OK"
INFO:fm-baseline:Output: 1111,2222,3333,4444
1234,1234,1234
1111,222

INFO:fm-baseline:Processing item [34/49]: ./data/TDE-v2/benchmark-stackoverflow/4.json
INFO:fm-baseline:User Input:
Get distinct characters of a string

Input: DHCH
Output: DHC
Input: KLKLHHMO
Output: KLHMO
Input: XUCHU
Output: XUCH
input: 123123
output:

return the output value only
INFO:httpx:HTTP Request: POST https://svip.yi-zhan.top/v1/chat/completions "HTTP/1.1 200 OK"
INFO:fm-baseline:Output: DHC  
KLHMO  
XUCH  
123

INFO:fm-baseline:User Input:
Get distinct characters of a string

Input: DHCH
Output: DHC
Input: KLKLHHMO
Output: KLHMO
Input: XUCHU
Output: XUCH
input: 9090
output:

return the output value only
INFO:httpx:HTTP Request: POST https://svip.yi-zhan.top/v1/chat/completions "HTTP/1.1 200 OK"
INFO:fm-baseline:Output: DHC
KLHMO
XUCH
9

INFO:fm-baseline:Processing item [35/49]: ./data/TDE-v2/benchmark-stackoverflow/40.json
INFO:fm-baseline:User Input:
Standard Deviation Calculation

Input: 12, 13, 14, 12
Output: 0.957
Input: 12, 13, 14, 12, 5
Output: 3.564
Input: 12, 12
Output: 0
input: 1, 100, 2
output:

return the output value only
INFO:httpx:HTTP Request: POST https://svip.yi-zhan.top/v1/chat/completions "HTTP/1.1 200 OK"
INFO:fm-baseline:Output: 56.194

INFO:fm-baseline:User Input:
Standard Deviation Calculation

Input: 12, 13, 14, 12
Output: 0.957
Input: 12, 13, 14, 12, 5
Output: 3.564
Input: 12, 12
Output: 0
input: 1, 100, 2, 50
output:

return the output value only
INFO:httpx:HTTP Request: POST https://svip.yi-zhan.top/v1/chat/completions "HTTP/1.1 200 OK"
INFO:fm-baseline:Output: 43.926

INFO:fm-baseline:Processing item [36/49]: ./data/TDE-v2/benchmark-stackoverflow/41.json
INFO:fm-baseline:User Input:
ip address to country

Input: 131.107.160.83
Output: United States
Input: 103.235.46.39
Output: Hong Kong
Input: 151.249.89.230
Output: Germany
input: 129.97.208.23
output:

return the output value only
INFO:httpx:HTTP Request: POST https://svip.yi-zhan.top/v1/chat/completions "HTTP/1.1 200 OK"
INFO:fm-baseline:Output: Canada

INFO:fm-baseline:User Input:
ip address to country

Input: 131.107.160.83
Output: United States
Input: 103.235.46.39
Output: Hong Kong
Input: 151.249.89.230
Output: Germany
input: 173.194.44.50
output:

return the output value only
INFO:httpx:HTTP Request: POST https://svip.yi-zhan.top/v1/chat/completions "HTTP/1.1 200 OK"
INFO:fm-baseline:Output: United States

INFO:fm-baseline:User Input:
ip address to country

Input: 131.107.160.83
Output: United States
Input: 103.235.46.39
Output: Hong Kong
Input: 151.249.89.230
Output: Germany
input: 77.67.27.8
output:

return the output value only
INFO:httpx:HTTP Request: POST https://svip.yi-zhan.top/v1/chat/completions "HTTP/1.1 200 OK"
INFO:fm-baseline:Output: Luxembourg

INFO:fm-baseline:Processing item [37/49]: ./data/TDE-v2/benchmark-stackoverflow/42.json
INFO:fm-baseline:User Input:
Year to common year or leap year

Input: 2007
Output: common
Input: 2008
Output: leap
Input: 2009
Output: common
input: 2010
output:

return the output value only
INFO:httpx:HTTP Request: POST https://svip.yi-zhan.top/v1/chat/completions "HTTP/1.1 200 OK"
INFO:fm-baseline:Output: common

INFO:fm-baseline:User Input:
Year to common year or leap year

Input: 2007
Output: common
Input: 2008
Output: leap
Input: 2009
Output: common
input: 2011
output:

return the output value only
INFO:httpx:HTTP Request: POST https://svip.yi-zhan.top/v1/chat/completions "HTTP/1.1 200 OK"
INFO:fm-baseline:Output: common

INFO:fm-baseline:User Input:
Year to common year or leap year

Input: 2007
Output: common
Input: 2008
Output: leap
Input: 2009
Output: common
input: 2012
output:

return the output value only
INFO:httpx:HTTP Request: POST https://svip.yi-zhan.top/v1/chat/completions "HTTP/1.1 200 OK"
INFO:fm-baseline:Output: leap

INFO:fm-baseline:User Input:
Year to common year or leap year

Input: 2007
Output: common
Input: 2008
Output: leap
Input: 2009
Output: common
input: 2016
output:

return the output value only
INFO:httpx:HTTP Request: POST https://svip.yi-zhan.top/v1/chat/completions "HTTP/1.1 200 OK"
INFO:fm-baseline:Output: leap

INFO:fm-baseline:User Input:
Year to common year or leap year

Input: 2007
Output: common
Input: 2008
Output: leap
Input: 2009
Output: common
input: 2017
output:

return the output value only
INFO:httpx:HTTP Request: POST https://svip.yi-zhan.top/v1/chat/completions "HTTP/1.1 200 OK"
INFO:fm-baseline:Output: common

INFO:fm-baseline:Processing item [38/49]: ./data/TDE-v2/benchmark-stackoverflow/43.json
INFO:fm-baseline:User Input:
Email Validation

Input: testing@invalid@email.com
Output: invalid
Input: walter@xyz.com
Output: walter@xyz.com
Input: tom@qq.com
Output: tom@qq.com
input: asdf
output:

return the output value only
INFO:httpx:HTTP Request: POST https://svip.yi-zhan.top/v1/chat/completions "HTTP/1.1 200 OK"
INFO:fm-baseline:Output: invalid

INFO:fm-baseline:User Input:
Email Validation

Input: testing@invalid@email.com
Output: invalid
Input: walter@xyz.com
Output: walter@xyz.com
Input: tom@qq.com
Output: tom@qq.com
input: ab@xyz.xyz
output:

return the output value only
INFO:httpx:HTTP Request: POST https://svip.yi-zhan.top/v1/chat/completions "HTTP/1.1 200 OK"
INFO:fm-baseline:Output: ab@xyz.xyz

INFO:fm-baseline:User Input:
Email Validation

Input: testing@invalid@email.com
Output: invalid
Input: walter@xyz.com
Output: walter@xyz.com
Input: tom@qq.com
Output: tom@qq.com
input: wa@lter@xyz.com
output:

return the output value only
INFO:httpx:HTTP Request: POST https://svip.yi-zhan.top/v1/chat/completions "HTTP/1.1 200 OK"
INFO:fm-baseline:Output: invalid

INFO:fm-baseline:Processing item [39/49]: ./data/TDE-v2/benchmark-stackoverflow/44.json
INFO:fm-baseline:User Input:
phone number, default 425

Input: 499-999-2020
Output: 499-999-2020
Input: 999-2020
Output: 425-999-2020
Input: 390-9292
Output: 425-390-9292
input: 299-398-0003
output:

return the output value only
INFO:httpx:HTTP Request: POST https://svip.yi-zhan.top/v1/chat/completions "HTTP/1.1 200 OK"
INFO:fm-baseline:Output: 299-398-0003

INFO:fm-baseline:User Input:
phone number, default 425

Input: 499-999-2020
Output: 499-999-2020
Input: 999-2020
Output: 425-999-2020
Input: 390-9292
Output: 425-390-9292
input: 321-2020
output:

return the output value only
INFO:httpx:HTTP Request: POST https://svip.yi-zhan.top/v1/chat/completions "HTTP/1.1 200 OK"
INFO:fm-baseline:Output: 425-321-2020

INFO:fm-baseline:Processing item [40/49]: ./data/TDE-v2/benchmark-stackoverflow/45.json
INFO:fm-baseline:User Input:
phone number, default 425

Input: 390-9292
Output: 425-390-9292
Input: 499-999-2020
Output: 499-999-2020
Input: (299)-398-0003
Output: 299-398-0003
input: (288) 3998888
output:

return the output value only
INFO:httpx:HTTP Request: POST https://svip.yi-zhan.top/v1/chat/completions "HTTP/1.1 200 OK"
INFO:fm-baseline:Output: 425-288-3998

INFO:fm-baseline:User Input:
phone number, default 425

Input: 390-9292
Output: 425-390-9292
Input: 499-999-2020
Output: 499-999-2020
Input: (299)-398-0003
Output: 299-398-0003
input: 999-2020
output:

return the output value only
INFO:httpx:HTTP Request: POST https://svip.yi-zhan.top/v1/chat/completions "HTTP/1.1 200 OK"
INFO:fm-baseline:Output: 425-999-2020

INFO:fm-baseline:User Input:
phone number, default 425

Input: 390-9292
Output: 425-390-9292
Input: 499-999-2020
Output: 499-999-2020
Input: (299)-398-0003
Output: 299-398-0003
input: 425-9990200
output:

return the output value only
INFO:httpx:HTTP Request: POST https://svip.yi-zhan.top/v1/chat/completions "HTTP/1.1 200 OK"
INFO:fm-baseline:Output: 425-9990200

INFO:fm-baseline:Processing item [41/49]: ./data/TDE-v2/benchmark-stackoverflow/46.json
INFO:fm-baseline:User Input:
First element in the second set

Input: {{aaa, bbb}, {ccc, ddd}, {eee, fff}}
Output: ccc
Input: {{x, y}, {z, zz}}
Output: z
Input: {{a}, {bb}, {ccc, ddd, eee, fff}}
Output: bb
input: {{p, q}, {r, s, t}, {u, v, w}}
output:

return the output value only
INFO:httpx:HTTP Request: POST https://svip.yi-zhan.top/v1/chat/completions "HTTP/1.1 200 OK"
INFO:fm-baseline:Output: r

INFO:fm-baseline:Processing item [42/49]: ./data/TDE-v2/benchmark-stackoverflow/47.json
INFO:fm-baseline:User Input:
capture capital words

Input: This is one of the best breakfasts I have had! Is the decor dated? Absolutely but it just adds to the nostalgic charm! The place just reeks of beef cooking... Ahhh delicious! Check out the pastry cases!!!! OMG, is all I have to say!
Output: ['OMG']
Input: When she asked if we had reservations, I replied no, and she commented NO? You KNOW IT IS SATURDAY. I wanted to say yes, yesterday was Friday and tomorrow is Sunday. Instead I replied that I was TERRIBLY sorry i did not realize i needed a reservation
Output: ['NO', 'KNOW', 'IT', 'IS', 'SATURDAY', 'TERRIBLY']
Input: ABC ajib DDD xyz
Output: ['ABC', 'DDD']
input: This is MY work
output:

return the output value only
INFO:httpx:HTTP Request: POST https://svip.yi-zhan.top/v1/chat/completions "HTTP/1.1 200 OK"
INFO:fm-baseline:Output: ['MY']

INFO:fm-baseline:User Input:
capture capital words

Input: This is one of the best breakfasts I have had! Is the decor dated? Absolutely but it just adds to the nostalgic charm! The place just reeks of beef cooking... Ahhh delicious! Check out the pastry cases!!!! OMG, is all I have to say!
Output: ['OMG']
Input: When she asked if we had reservations, I replied no, and she commented NO? You KNOW IT IS SATURDAY. I wanted to say yes, yesterday was Friday and tomorrow is Sunday. Instead I replied that I was TERRIBLY sorry i did not realize i needed a reservation
Output: ['NO', 'KNOW', 'IT', 'IS', 'SATURDAY', 'TERRIBLY']
Input: ABC ajib DDD xyz
Output: ['ABC', 'DDD']
input: HOW ARE YOU
output:

return the output value only
INFO:httpx:HTTP Request: POST https://svip.yi-zhan.top/v1/chat/completions "HTTP/1.1 200 OK"
INFO:fm-baseline:Output: ['HOW', 'ARE', 'YOU']

INFO:fm-baseline:Processing item [43/49]: ./data/TDE-v2/benchmark-stackoverflow/48.json
INFO:fm-baseline:User Input:
convert y-m-d to m/d/y, add 0 if necessary

Input: 2009/8/1
Output: 08/01/2009
Input: 2001/12/12
Output: 12/12/2001
Input: 2014/3/2
Output: 03/02/2014
input: 2011/12/22
output:

return the output value only
INFO:httpx:HTTP Request: POST https://svip.yi-zhan.top/v1/chat/completions "HTTP/1.1 200 OK"
INFO:fm-baseline:Output: 12/22/2011

INFO:fm-baseline:User Input:
convert y-m-d to m/d/y, add 0 if necessary

Input: 2009/8/1
Output: 08/01/2009
Input: 2001/12/12
Output: 12/12/2001
Input: 2014/3/2
Output: 03/02/2014
input: 2012/4/11
output:

return the output value only
INFO:httpx:HTTP Request: POST https://svip.yi-zhan.top/v1/chat/completions "HTTP/1.1 200 OK"
INFO:fm-baseline:Output: 04/11/2012

INFO:fm-baseline:Processing item [44/49]: ./data/TDE-v2/benchmark-stackoverflow/49.json
INFO:fm-baseline:User Input:
plus 20

Input: 25
Output: 45
Input: 35
Output: 55
Input: 10
Output: 30
input: 1
output:

return the output value only
INFO:httpx:HTTP Request: POST https://svip.yi-zhan.top/v1/chat/completions "HTTP/1.1 200 OK"
INFO:fm-baseline:Output: 21

INFO:fm-baseline:User Input:
plus 20

Input: 25
Output: 45
Input: 35
Output: 55
Input: 10
Output: 30
input: 11
output:

return the output value only
INFO:httpx:HTTP Request: POST https://svip.yi-zhan.top/v1/chat/completions "HTTP/1.1 200 OK"
INFO:fm-baseline:Output: 31

INFO:fm-baseline:Processing item [45/49]: ./data/TDE-v2/benchmark-stackoverflow/5.json
INFO:fm-baseline:User Input:
How to strip http:// and www. from an entered domain name using c#

Input: http://stackoverflow.com
Output: stackoverflow.com
Input: www.stackoverflow.com
Output: stackoverflow.com
Input: http://www.stackoverflow.com
Output: stackoverflow.com
input: facebook.com
output:

return the output value only
INFO:httpx:HTTP Request: POST https://svip.yi-zhan.top/v1/chat/completions "HTTP/1.1 200 OK"
INFO:fm-baseline:Output: To strip "http://", "https://", and "www." from an entered domain name in C#, you can use the `Uri` class

INFO:fm-baseline:User Input:
How to strip http:// and www. from an entered domain name using c#

Input: http://stackoverflow.com
Output: stackoverflow.com
Input: www.stackoverflow.com
Output: stackoverflow.com
Input: http://www.stackoverflow.com
Output: stackoverflow.com
input: www.facebook.com
output:

return the output value only
INFO:httpx:HTTP Request: POST https://svip.yi-zhan.top/v1/chat/completions "HTTP/1.1 200 OK"
INFO:fm-baseline:Output: To achieve the desired output in C#, you can use regular expressions or simple string manipulations to remove `http://`, `https://`, and `

INFO:fm-baseline:User Input:
How to strip http:// and www. from an entered domain name using c#

Input: http://stackoverflow.com
Output: stackoverflow.com
Input: www.stackoverflow.com
Output: stackoverflow.com
Input: http://www.stackoverflow.com
Output: stackoverflow.com
input: http://facebook.com
output:

return the output value only
INFO:httpx:HTTP Request: POST https://svip.yi-zhan.top/v1/chat/completions "HTTP/1.1 200 OK"
INFO:fm-baseline:Output: To achieve this in C#, you can use the `Uri` class to handle URLs and perform string manipulation to strip "http://", "https://

INFO:fm-baseline:User Input:
How to strip http:// and www. from an entered domain name using c#

Input: http://stackoverflow.com
Output: stackoverflow.com
Input: www.stackoverflow.com
Output: stackoverflow.com
Input: http://www.stackoverflow.com
Output: stackoverflow.com
input: http://www.facebook.com
output:

return the output value only
INFO:httpx:HTTP Request: POST https://svip.yi-zhan.top/v1/chat/completions "HTTP/1.1 200 OK"
INFO:fm-baseline:Output: To strip `http://`, `https://`, and `www.` from an entered domain name in C#, you can use the `Uri` class

INFO:fm-baseline:User Input:
How to strip http:// and www. from an entered domain name using c#

Input: http://stackoverflow.com
Output: stackoverflow.com
Input: www.stackoverflow.com
Output: stackoverflow.com
Input: http://www.stackoverflow.com
Output: stackoverflow.com
input: google.com
output:

return the output value only
INFO:httpx:HTTP Request: POST https://svip.yi-zhan.top/v1/chat/completions "HTTP/1.1 200 OK"
INFO:fm-baseline:Output: To strip "http://", "https://" and "www." from an entered domain name in C#, you can create a method that utilizes regular expressions

INFO:fm-baseline:User Input:
How to strip http:// and www. from an entered domain name using c#

Input: http://stackoverflow.com
Output: stackoverflow.com
Input: www.stackoverflow.com
Output: stackoverflow.com
Input: http://www.stackoverflow.com
Output: stackoverflow.com
input: www.google.com
output:

return the output value only
INFO:httpx:HTTP Request: POST https://svip.yi-zhan.top/v1/chat/completions "HTTP/1.1 200 OK"
INFO:fm-baseline:Output: To achieve this in C#, you can create a method that processes the input string and removes both the `http://` (or `https://`)

INFO:fm-baseline:User Input:
How to strip http:// and www. from an entered domain name using c#

Input: http://stackoverflow.com
Output: stackoverflow.com
Input: www.stackoverflow.com
Output: stackoverflow.com
Input: http://www.stackoverflow.com
Output: stackoverflow.com
input: http://google.com
output:

return the output value only
INFO:httpx:HTTP Request: POST https://svip.yi-zhan.top/v1/chat/completions "HTTP/1.1 200 OK"
INFO:fm-baseline:Output: In C#, you can create a method to strip "http://", "https://", and "www." from a given domain name. You can

INFO:fm-baseline:User Input:
How to strip http:// and www. from an entered domain name using c#

Input: http://stackoverflow.com
Output: stackoverflow.com
Input: www.stackoverflow.com
Output: stackoverflow.com
Input: http://www.stackoverflow.com
Output: stackoverflow.com
input: http://www.google.com
output:

return the output value only
INFO:httpx:HTTP Request: POST https://svip.yi-zhan.top/v1/chat/completions "HTTP/1.1 200 OK"
INFO:fm-baseline:Output: To strip `http://` and `www.` from an entered domain name in C#, you can use the `Uri` class provided by the .

INFO:fm-baseline:Processing item [46/49]: ./data/TDE-v2/benchmark-stackoverflow/6.json
INFO:fm-baseline:User Input:
Extract something between the first dot and the last dot, not so good an example, don't know what it tries to do

Input: www.google.com
Output: google
Input: www.facebook.com
Output: facebook
Input: www.sina.cn
Output: sina
input: www.cs.uwaterloo.ca
output:

return the output value only
INFO:httpx:HTTP Request: POST https://svip.yi-zhan.top/v1/chat/completions "HTTP/1.1 200 OK"
INFO:fm-baseline:Output: cs.uwaterloo

INFO:fm-baseline:User Input:
Extract something between the first dot and the last dot, not so good an example, don't know what it tries to do

Input: www.google.com
Output: google
Input: www.facebook.com
Output: facebook
Input: www.sina.cn
Output: sina
input: www.abc.com
output:

return the output value only
INFO:httpx:HTTP Request: POST https://svip.yi-zhan.top/v1/chat/completions "HTTP/1.1 200 OK"
INFO:fm-baseline:Output: abc

INFO:fm-baseline:Processing item [47/49]: ./data/TDE-v2/benchmark-stackoverflow/7.json
INFO:fm-baseline:User Input:
Get a domain name from a URL

Input: http://www.google.com/url?sa=t&source=web&ct=res&cd=1&ved=0CAgQFjAA&url=http://www.test.com/&rct=j&q=test&ei=G2phS-HdJJWTjAfckvHJDA&usg=AFQjCNFSEAztaqtkaIvEzxmRm2uOARn1kQ
Output: google.com
Input: http://www.beta.microsoft.com/path/page.htm
Output: microsoft.com
Input: http://www.beta.microsoft.co.uk/path/page.htm
Output: microsoft.co.uk
input: ftp://username:password@website.com
output:

return the output value only
INFO:httpx:HTTP Request: POST https://svip.yi-zhan.top/v1/chat/completions "HTTP/1.1 200 OK"
INFO:fm-baseline:Output: google.com

INFO:fm-baseline:User Input:
Get a domain name from a URL

Input: http://www.google.com/url?sa=t&source=web&ct=res&cd=1&ved=0CAgQFjAA&url=http://www.test.com/&rct=j&q=test&ei=G2phS-HdJJWTjAfckvHJDA&usg=AFQjCNFSEAztaqtkaIvEzxmRm2uOARn1kQ
Output: google.com
Input: http://www.beta.microsoft.com/path/page.htm
Output: microsoft.com
Input: http://www.beta.microsoft.co.uk/path/page.htm
Output: microsoft.co.uk
input: http://www.microsoft.com/
output:

return the output value only
INFO:httpx:HTTP Request: POST https://svip.yi-zhan.top/v1/chat/completions "HTTP/1.1 200 OK"
INFO:fm-baseline:Output: google.com

INFO:fm-baseline:Processing item [48/49]: ./data/TDE-v2/benchmark-stackoverflow/8.json
INFO:fm-baseline:User Input:
Remove spaces in HTML source in between markups?

Input: <p>blahblahblah</p>            <p>blahblahblah</p>
Output: <p>blahblahblah</p><p>blahblahblah</p>
Input: <head> <title>A Simple HTML Example</title> </head>
Output: <head><title>A Simple HTML Example</title></head>
Input: <h2>HTML is Easy To Learn</h2> <p>Welcome to the world of the </p>
Output: <h2>HTML is Easy To Learn</h2><p>Welcome to the world of the </p>
input: <h2>test1</h2> <p>test2</p>
output:

return the output value only
INFO:httpx:HTTP Request: POST https://svip.yi-zhan.top/v1/chat/completions "HTTP/1.1 200 OK"
INFO:fm-baseline:Output: <h2>test1</h2><p>test2</p>

INFO:fm-baseline:User Input:
Remove spaces in HTML source in between markups?

Input: <p>blahblahblah</p>            <p>blahblahblah</p>
Output: <p>blahblahblah</p><p>blahblahblah</p>
Input: <head> <title>A Simple HTML Example</title> </head>
Output: <head><title>A Simple HTML Example</title></head>
Input: <h2>HTML is Easy To Learn</h2> <p>Welcome to the world of the </p>
Output: <h2>HTML is Easy To Learn</h2><p>Welcome to the world of the </p>
input: <h2>test1</h2> <p>test2</p> <p>test3</p> <p>test4</p>
output:

return the output value only
INFO:httpx:HTTP Request: POST https://svip.yi-zhan.top/v1/chat/completions "HTTP/1.1 200 OK"
INFO:fm-baseline:Output: <h2>test1</h2><p>test2</p><p>test3</p><p>test4</p>

INFO:fm-baseline:Processing item [49/49]: ./data/TDE-v2/benchmark-stackoverflow/9.json
INFO:fm-baseline:User Input:
Get MIME type from filename extension

Input: .html
Output: text/html
Input: .css
Output: text/css
Input: .js
Output: application/javascript
input: .json
output:

return the output value only
INFO:httpx:HTTP Request: POST https://svip.yi-zhan.top/v1/chat/completions "HTTP/1.1 200 OK"
INFO:fm-baseline:Output: application/json

INFO:fm-baseline:User Input:
Get MIME type from filename extension

Input: .html
Output: text/html
Input: .css
Output: text/css
Input: .js
Output: application/javascript
input: .xml
output:

return the output value only
INFO:httpx:HTTP Request: POST https://svip.yi-zhan.top/v1/chat/completions "HTTP/1.1 200 OK"
INFO:fm-baseline:Output: application/xml

INFO:fm-baseline:User Input:
Get MIME type from filename extension

Input: .html
Output: text/html
Input: .css
Output: text/css
Input: .js
Output: application/javascript
input: .jpg
output:

return the output value only
INFO:httpx:HTTP Request: POST https://svip.yi-zhan.top/v1/chat/completions "HTTP/1.1 200 OK"
INFO:fm-baseline:Output: image/jpeg

INFO:fm-baseline:User Input:
Get MIME type from filename extension

Input: .html
Output: text/html
Input: .css
Output: text/css
Input: .js
Output: application/javascript
input: .jpeg
output:

return the output value only
INFO:httpx:HTTP Request: POST https://svip.yi-zhan.top/v1/chat/completions "HTTP/1.1 200 OK"
INFO:fm-baseline:Output: image/jpeg

INFO:fm-baseline:User Input:
Get MIME type from filename extension

Input: .html
Output: text/html
Input: .css
Output: text/css
Input: .js
Output: application/javascript
input: .png
output:

return the output value only
INFO:httpx:HTTP Request: POST https://svip.yi-zhan.top/v1/chat/completions "HTTP/1.1 200 OK"
INFO:fm-baseline:Output: image/png

INFO:fm-baseline:User Input:
Get MIME type from filename extension

Input: .html
Output: text/html
Input: .css
Output: text/css
Input: .js
Output: application/javascript
input: .gif
output:

return the output value only
INFO:httpx:HTTP Request: POST https://svip.yi-zhan.top/v1/chat/completions "HTTP/1.1 200 OK"
INFO:fm-baseline:Output: image/gif

INFO:fm-baseline:User Input:
Get MIME type from filename extension

Input: .html
Output: text/html
Input: .css
Output: text/css
Input: .js
Output: application/javascript
input: .svg
output:

return the output value only
INFO:httpx:HTTP Request: POST https://svip.yi-zhan.top/v1/chat/completions "HTTP/1.1 200 OK"
INFO:fm-baseline:Output: image/svg+xml

INFO:fm-baseline:User Input:
Get MIME type from filename extension

Input: .html
Output: text/html
Input: .css
Output: text/css
Input: .js
Output: application/javascript
input: .pdf
output:

return the output value only
INFO:httpx:HTTP Request: POST https://svip.yi-zhan.top/v1/chat/completions "HTTP/1.1 200 OK"
INFO:fm-baseline:Output: application/pdf

INFO:fm-baseline:User Input:
Get MIME type from filename extension

Input: .html
Output: text/html
Input: .css
Output: text/css
Input: .js
Output: application/javascript
input: .zip
output:

return the output value only
INFO:httpx:HTTP Request: POST https://svip.yi-zhan.top/v1/chat/completions "HTTP/1.1 200 OK"
INFO:fm-baseline:Output: application/zip

INFO:fm-baseline:User Input:
Get MIME type from filename extension

Input: .html
Output: text/html
Input: .css
Output: text/css
Input: .js
Output: application/javascript
input: .rar
output:

return the output value only
INFO:httpx:HTTP Request: POST https://svip.yi-zhan.top/v1/chat/completions "HTTP/1.1 200 OK"
INFO:fm-baseline:Output: application/x-rar-compressed

INFO:fm-baseline:User Input:
Get MIME type from filename extension

Input: .html
Output: text/html
Input: .css
Output: text/css
Input: .js
Output: application/javascript
input: .mp4
output:

return the output value only
INFO:httpx:HTTP Request: POST https://svip.yi-zhan.top/v1/chat/completions "HTTP/1.1 200 OK"
INFO:fm-baseline:Output: video/mp4

INFO:fm-baseline:User Input:
Get MIME type from filename extension

Input: .html
Output: text/html
Input: .css
Output: text/css
Input: .js
Output: application/javascript
input: .mp3
output:

return the output value only
INFO:httpx:HTTP Request: POST https://svip.yi-zhan.top/v1/chat/completions "HTTP/1.1 200 OK"
INFO:fm-baseline:Output: audio/mpeg

INFO:fm-baseline:User Input:
Get MIME type from filename extension

Input: .html
Output: text/html
Input: .css
Output: text/css
Input: .js
Output: application/javascript
input: .wav
output:

return the output value only
INFO:httpx:HTTP Request: POST https://svip.yi-zhan.top/v1/chat/completions "HTTP/1.1 200 OK"
INFO:fm-baseline:Output: audio/wav

INFO:fm-baseline:User Input:
Get MIME type from filename extension

Input: .html
Output: text/html
Input: .css
Output: text/css
Input: .js
Output: application/javascript
input: .ogg
output:

return the output value only
INFO:httpx:HTTP Request: POST https://svip.yi-zhan.top/v1/chat/completions "HTTP/1.1 200 OK"
INFO:fm-baseline:Output: audio/ogg

INFO:fm-baseline:User Input:
Get MIME type from filename extension

Input: .html
Output: text/html
Input: .css
Output: text/css
Input: .js
Output: application/javascript
input: .csv
output:

return the output value only
INFO:httpx:HTTP Request: POST https://svip.yi-zhan.top/v1/chat/completions "HTTP/1.1 200 OK"
INFO:fm-baseline:Output: text/csv

INFO:fm-baseline:User Input:
Get MIME type from filename extension

Input: .html
Output: text/html
Input: .css
Output: text/css
Input: .js
Output: application/javascript
input: .txt
output:

return the output value only
INFO:httpx:HTTP Request: POST https://svip.yi-zhan.top/v1/chat/completions "HTTP/1.1 200 OK"
INFO:fm-baseline:Output: text/plain

INFO:fm-baseline:User Input:
Get MIME type from filename extension

Input: .html
Output: text/html
Input: .css
Output: text/css
Input: .js
Output: application/javascript
input: .doc
output:

return the output value only
INFO:httpx:HTTP Request: POST https://svip.yi-zhan.top/v1/chat/completions "HTTP/1.1 200 OK"
INFO:fm-baseline:Output: application/msword

INFO:fm-baseline:User Input:
Get MIME type from filename extension

Input: .html
Output: text/html
Input: .css
Output: text/css
Input: .js
Output: application/javascript
input: .docx
output:

return the output value only
INFO:httpx:HTTP Request: POST https://svip.yi-zhan.top/v1/chat/completions "HTTP/1.1 200 OK"
INFO:fm-baseline:Output: application/vnd.openxmlformats-officedocument.wordprocessingml.document

INFO:fm-baseline:User Input:
Get MIME type from filename extension

Input: .html
Output: text/html
Input: .css
Output: text/css
Input: .js
Output: application/javascript
input: .xls
output:

return the output value only
INFO:httpx:HTTP Request: POST https://svip.yi-zhan.top/v1/chat/completions "HTTP/1.1 200 OK"
INFO:fm-baseline:Output: application/vnd.ms-excel

INFO:fm-baseline:User Input:
Get MIME type from filename extension

Input: .html
Output: text/html
Input: .css
Output: text/css
Input: .js
Output: application/javascript
input: .xlsx
output:

return the output value only
INFO:httpx:HTTP Request: POST https://svip.yi-zhan.top/v1/chat/completions "HTTP/1.1 200 OK"
INFO:fm-baseline:Output: application/vnd.openxmlformats-officedocument.spreadsheetml.sheet

INFO:fm-baseline:User Input:
Get MIME type from filename extension

Input: .html
Output: text/html
Input: .css
Output: text/css
Input: .js
Output: application/javascript
input: .ppt
output:

return the output value only
INFO:httpx:HTTP Request: POST https://svip.yi-zhan.top/v1/chat/completions "HTTP/1.1 200 OK"
INFO:fm-baseline:Output: application/vnd.ms-powerpoint

INFO:fm-baseline:User Input:
Get MIME type from filename extension

Input: .html
Output: text/html
Input: .css
Output: text/css
Input: .js
Output: application/javascript
input: .pptx
output:

return the output value only
INFO:httpx:HTTP Request: POST https://svip.yi-zhan.top/v1/chat/completions "HTTP/1.1 200 OK"
INFO:fm-baseline:Output: application/vnd.openxmlformats-officedocument.presentationml.presentation

INFO:fm-baseline:Final accuracy on stackoverflow: 0.5918367346938775
INFO:fm-baseline:Average token costs - prompt: 84, completion: 19
