2025-02-10 14:40:51,890 - INFO - Starting to process 10 packages
2025-02-10 14:40:51,890 - INFO - [1/10] Processing utm...
2025-02-10 14:40:51,954 - INFO - Successfully processed utm: 8 chunks created
2025-02-10 14:40:51,954 - INFO - [2/10] Processing mgrs...
2025-02-10 14:40:52,002 - INFO - Successfully processed mgrs: 3 chunks created
2025-02-10 14:40:52,002 - INFO - [3/10] Processing geopy...
2025-02-10 14:40:58,429 - INFO - Successfully processed geopy: 222 chunks created
2025-02-10 14:40:58,429 - INFO - [4/10] Processing geographiclib...
2025-02-10 14:41:02,298 - INFO - Successfully processed geographiclib: 27 chunks created
2025-02-10 14:41:02,299 - INFO - [5/10] Processing pyproj...
2025-02-10 14:41:05,362 - INFO - Successfully processed pyproj: 95 chunks created
2025-02-10 14:41:05,362 - INFO - [6/10] Processing chempy...
2025-02-10 14:41:05,703 - INFO - Successfully processed chempy: 41 chunks created
2025-02-10 14:41:05,703 - INFO - [7/10] Processing dateparser...
2025-02-10 14:41:08,237 - INFO - Successfully processed dateparser: 1 chunks created
2025-02-10 14:41:08,238 - INFO - [8/10] Processing roman...
2025-02-10 14:41:08,296 - INFO - Successfully processed roman: 5 chunks created
2025-02-10 14:41:08,297 - INFO - [9/10] Processing ipaddress...
2025-02-10 14:41:40,467 - INFO - Successfully processed ipaddress: 44 chunks created
2025-02-10 14:41:40,467 - INFO - [10/10] Processing hijridate...
2025-02-10 14:41:44,515 - INFO - Successfully processed hijridate: 1 chunks created
2025-02-10 14:41:44,515 - INFO - Total documents to process: 447
2025-02-10 14:42:16,279 - INFO - HTTP Request: POST https://svip.yi-zhan.top/v1/embeddings "HTTP/1.1 200 OK"
2025-02-10 14:42:19,839 - INFO - Loading faiss with AVX512 support.
2025-02-10 14:42:19,862 - INFO - Successfully loaded faiss with AVX512 support.
2025-02-10 14:42:19,888 - INFO - Saving vector database to ./assets/rag/code_db_v3
2025-02-10 14:42:19,894 - INFO - Vector database built successfully
